{"/Users/yafietkidane/PKD-p/deck.js": {"path":"/Users/yafietkidane/PKD-p/deck.js","statementMap":{"0":{"start":{"line":2,"column":0},"end":{"line":2,"column":62}},"1":{"start":{"line":3,"column":0},"end":{"line":3,"column":30}},"2":{"start":{"line":4,"column":0},"end":{"line":4,"column":34}},"3":{"start":{"line":5,"column":0},"end":{"line":5,"column":32}},"4":{"start":{"line":6,"column":0},"end":{"line":6,"column":40}},"5":{"start":{"line":7,"column":0},"end":{"line":7,"column":32}},"6":{"start":{"line":8,"column":0},"end":{"line":8,"column":26}},"7":{"start":{"line":9,"column":0},"end":{"line":9,"column":30}},"8":{"start":{"line":10,"column":20},"end":{"line":10,"column":48}},"9":{"start":{"line":24,"column":4},"end":{"line":27,"column":6}},"10":{"start":{"line":31,"column":4},"end":{"line":33,"column":5}},"11":{"start":{"line":31,"column":17},"end":{"line":31,"column":18}},"12":{"start":{"line":32,"column":8},"end":{"line":32,"column":41}},"13":{"start":{"line":34,"column":4},"end":{"line":34,"column":13}},"14":{"start":{"line":44,"column":13},"end":{"line":44,"column":17}},"15":{"start":{"line":45,"column":15},"end":{"line":45,"column":21}},"16":{"start":{"line":46,"column":14},"end":{"line":46,"column":23}},"17":{"start":{"line":47,"column":4},"end":{"line":50,"column":5}},"18":{"start":{"line":47,"column":17},"end":{"line":47,"column":18}},"19":{"start":{"line":48,"column":19},"end":{"line":48,"column":36}},"20":{"start":{"line":49,"column":8},"end":{"line":49,"column":32}},"21":{"start":{"line":51,"column":18},"end":{"line":51,"column":36}},"22":{"start":{"line":52,"column":4},"end":{"line":52,"column":31}},"23":{"start":{"line":53,"column":20},"end":{"line":53,"column":40}},"24":{"start":{"line":54,"column":4},"end":{"line":54,"column":33}},"25":{"start":{"line":55,"column":19},"end":{"line":55,"column":38}},"26":{"start":{"line":56,"column":4},"end":{"line":56,"column":32}},"27":{"start":{"line":57,"column":4},"end":{"line":57,"column":53}},"28":{"start":{"line":58,"column":4},"end":{"line":58,"column":13}},"29":{"start":{"line":67,"column":14},"end":{"line":67,"column":20}},"30":{"start":{"line":68,"column":17},"end":{"line":68,"column":21}},"31":{"start":{"line":69,"column":19},"end":{"line":69,"column":30}},"32":{"start":{"line":70,"column":17},"end":{"line":70,"column":39}},"33":{"start":{"line":71,"column":22},"end":{"line":71,"column":46}},"34":{"start":{"line":72,"column":4},"end":{"line":72,"column":30}},"35":{"start":{"line":73,"column":4},"end":{"line":73,"column":35}},"36":{"start":{"line":74,"column":4},"end":{"line":74,"column":13}},"37":{"start":{"line":78,"column":4},"end":{"line":78,"column":43}},"38":{"start":{"line":82,"column":15},"end":{"line":82,"column":19}},"39":{"start":{"line":83,"column":4},"end":{"line":83,"column":16}},"40":{"start":{"line":84,"column":4},"end":{"line":84,"column":16}},"41":{"start":{"line":94,"column":16},"end":{"line":94,"column":20}},"42":{"start":{"line":95,"column":14},"end":{"line":95,"column":26}},"43":{"start":{"line":96,"column":4},"end":{"line":99,"column":5}},"44":{"start":{"line":96,"column":17},"end":{"line":96,"column":24}},"45":{"start":{"line":97,"column":16},"end":{"line":97,"column":33}},"46":{"start":{"line":98,"column":8},"end":{"line":98,"column":26}},"47":{"start":{"line":100,"column":4},"end":{"line":100,"column":17}},"48":{"start":{"line":101,"column":4},"end":{"line":101,"column":13}},"49":{"start":{"line":110,"column":17},"end":{"line":110,"column":43}},"50":{"start":{"line":111,"column":4},"end":{"line":111,"column":30}},"51":{"start":{"line":112,"column":4},"end":{"line":112,"column":33}},"52":{"start":{"line":113,"column":4},"end":{"line":113,"column":32}},"53":{"start":{"line":114,"column":4},"end":{"line":114,"column":31}},"54":{"start":{"line":115,"column":4},"end":{"line":115,"column":27}},"55":{"start":{"line":116,"column":4},"end":{"line":116,"column":20}},"56":{"start":{"line":117,"column":4},"end":{"line":117,"column":18}}},"fnMap":{"0":{"name":"make_card","decl":{"start":{"line":23,"column":9},"end":{"line":23,"column":18}},"loc":{"start":{"line":23,"column":29},"end":{"line":28,"column":1}},"line":23},"1":{"name":"many_enques","decl":{"start":{"line":30,"column":9},"end":{"line":30,"column":20}},"loc":{"start":{"line":30,"column":30},"end":{"line":35,"column":1}},"line":30},"2":{"name":"make_color","decl":{"start":{"line":43,"column":9},"end":{"line":43,"column":19}},"loc":{"start":{"line":43,"column":28},"end":{"line":59,"column":1}},"line":43},"3":{"name":"make_wild_card","decl":{"start":{"line":66,"column":9},"end":{"line":66,"column":23}},"loc":{"start":{"line":66,"column":27},"end":{"line":75,"column":1}},"line":66},"4":{"name":"random_num","decl":{"start":{"line":77,"column":9},"end":{"line":77,"column":19}},"loc":{"start":{"line":77,"column":25},"end":{"line":79,"column":1}},"line":77},"5":{"name":"swap","decl":{"start":{"line":81,"column":9},"end":{"line":81,"column":13}},"loc":{"start":{"line":81,"column":23},"end":{"line":85,"column":1}},"line":81},"6":{"name":"shuffle","decl":{"start":{"line":93,"column":9},"end":{"line":93,"column":16}},"loc":{"start":{"line":93,"column":20},"end":{"line":102,"column":1}},"line":93},"7":{"name":"make_deck","decl":{"start":{"line":109,"column":9},"end":{"line":109,"column":18}},"loc":{"start":{"line":109,"column":21},"end":{"line":118,"column":1}},"line":109}},"branchMap":{},"s":{"0":1,"1":1,"2":1,"3":1,"4":1,"5":1,"6":1,"7":1,"8":1,"9":144,"10":126,"11":126,"12":264,"13":126,"14":10,"15":10,"16":10,"17":10,"18":10,"19":90,"20":90,"21":10,"22":10,"23":10,"24":10,"25":10,"26":10,"27":10,"28":10,"29":3,"30":3,"31":3,"32":3,"33":3,"34":3,"35":3,"36":3,"37":243,"38":241,"39":241,"40":241,"41":3,"42":3,"43":3,"44":3,"45":241,"46":241,"47":3,"48":3,"49":2,"50":2,"51":2,"52":2,"53":2,"54":2,"55":2,"56":2},"f":{"0":144,"1":126,"2":10,"3":3,"4":243,"5":241,"6":3,"7":2},"b":{},"inputSourceMap":null,"_coverageSchema":"1a1c01bbd47fc00a2c39e90264f33305004495a9","hash":"c01ac1d068e6abb717ce1ef99471ed6d52069eee"}
,"/Users/yafietkidane/PKD-p/game.js": {"path":"/Users/yafietkidane/PKD-p/game.js","statementMap":{"0":{"start":{"line":2,"column":0},"end":{"line":2,"column":62}},"1":{"start":{"line":3,"column":0},"end":{"line":3,"column":54}},"2":{"start":{"line":4,"column":0},"end":{"line":4,"column":44}},"3":{"start":{"line":5,"column":0},"end":{"line":5,"column":32}},"4":{"start":{"line":6,"column":0},"end":{"line":6,"column":40}},"5":{"start":{"line":7,"column":0},"end":{"line":7,"column":36}},"6":{"start":{"line":8,"column":0},"end":{"line":8,"column":30}},"7":{"start":{"line":9,"column":0},"end":{"line":9,"column":40}},"8":{"start":{"line":10,"column":13},"end":{"line":10,"column":34}},"9":{"start":{"line":11,"column":20},"end":{"line":11,"column":48}},"10":{"start":{"line":12,"column":14},"end":{"line":12,"column":36}},"11":{"start":{"line":29,"column":19},"end":{"line":29,"column":27}},"12":{"start":{"line":30,"column":4},"end":{"line":40,"column":5}},"13":{"start":{"line":31,"column":8},"end":{"line":31,"column":58}},"14":{"start":{"line":32,"column":8},"end":{"line":35,"column":16}},"15":{"start":{"line":33,"column":12},"end":{"line":33,"column":34}},"16":{"start":{"line":36,"column":8},"end":{"line":36,"column":20}},"17":{"start":{"line":39,"column":8},"end":{"line":39,"column":21}},"18":{"start":{"line":50,"column":19},"end":{"line":50,"column":27}},"19":{"start":{"line":51,"column":4},"end":{"line":56,"column":5}},"20":{"start":{"line":52,"column":8},"end":{"line":52,"column":51}},"21":{"start":{"line":55,"column":8},"end":{"line":55,"column":67}},"22":{"start":{"line":71,"column":26},"end":{"line":71,"column":32}},"23":{"start":{"line":72,"column":25},"end":{"line":72,"column":31}},"24":{"start":{"line":73,"column":24},"end":{"line":73,"column":56}},"25":{"start":{"line":74,"column":4},"end":{"line":84,"column":5}},"26":{"start":{"line":75,"column":8},"end":{"line":79,"column":9}},"27":{"start":{"line":75,"column":21},"end":{"line":75,"column":22}},"28":{"start":{"line":76,"column":30},"end":{"line":76,"column":58}},"29":{"start":{"line":77,"column":12},"end":{"line":77,"column":48}},"30":{"start":{"line":78,"column":12},"end":{"line":78,"column":44}},"31":{"start":{"line":80,"column":8},"end":{"line":80,"column":20}},"32":{"start":{"line":83,"column":8},"end":{"line":83,"column":21}},"33":{"start":{"line":97,"column":23},"end":{"line":97,"column":57}},"34":{"start":{"line":98,"column":4},"end":{"line":98,"column":24}},"35":{"start":{"line":110,"column":4},"end":{"line":115,"column":5}},"36":{"start":{"line":111,"column":8},"end":{"line":111,"column":36}},"37":{"start":{"line":114,"column":8},"end":{"line":114,"column":21}},"38":{"start":{"line":131,"column":24},"end":{"line":131,"column":36}},"39":{"start":{"line":132,"column":4},"end":{"line":140,"column":5}},"40":{"start":{"line":133,"column":8},"end":{"line":133,"column":41}},"41":{"start":{"line":135,"column":9},"end":{"line":140,"column":5}},"42":{"start":{"line":136,"column":8},"end":{"line":136,"column":41}},"43":{"start":{"line":139,"column":8},"end":{"line":139,"column":21}},"44":{"start":{"line":151,"column":15},"end":{"line":151,"column":32}},"45":{"start":{"line":152,"column":18},"end":{"line":152,"column":29}},"46":{"start":{"line":153,"column":16},"end":{"line":153,"column":17}},"47":{"start":{"line":154,"column":4},"end":{"line":156,"column":5}},"48":{"start":{"line":154,"column":17},"end":{"line":154,"column":18}},"49":{"start":{"line":155,"column":8},"end":{"line":155,"column":58}},"50":{"start":{"line":157,"column":4},"end":{"line":157,"column":17}}},"fnMap":{"0":{"name":"delete_card_from_hand","decl":{"start":{"line":28,"column":9},"end":{"line":28,"column":30}},"loc":{"start":{"line":28,"column":43},"end":{"line":41,"column":1}},"line":28},"1":{"name":"add_card_to_hand","decl":{"start":{"line":49,"column":9},"end":{"line":49,"column":25}},"loc":{"start":{"line":49,"column":38},"end":{"line":57,"column":1}},"line":49},"2":{"name":"dist_cards","decl":{"start":{"line":70,"column":9},"end":{"line":70,"column":19}},"loc":{"start":{"line":70,"column":34},"end":{"line":85,"column":1}},"line":70},"3":{"name":"add_card_to_gp","decl":{"start":{"line":96,"column":9},"end":{"line":96,"column":23}},"loc":{"start":{"line":96,"column":41},"end":{"line":99,"column":1}},"line":96},"4":{"name":"current_card","decl":{"start":{"line":109,"column":9},"end":{"line":109,"column":21}},"loc":{"start":{"line":109,"column":26},"end":{"line":116,"column":1}},"line":109},"5":{"name":"draw_plus","decl":{"start":{"line":130,"column":9},"end":{"line":130,"column":18}},"loc":{"start":{"line":130,"column":36},"end":{"line":141,"column":1}},"line":130},"6":{"name":"length_of_hand","decl":{"start":{"line":150,"column":9},"end":{"line":150,"column":23}},"loc":{"start":{"line":150,"column":30},"end":{"line":158,"column":1}},"line":150}},"branchMap":{"0":{"loc":{"start":{"line":30,"column":4},"end":{"line":40,"column":5}},"type":"if","locations":[{"start":{"line":30,"column":4},"end":{"line":40,"column":5}},{"start":{"line":38,"column":9},"end":{"line":40,"column":5}}],"line":30},"1":{"loc":{"start":{"line":30,"column":8},"end":{"line":30,"column":62}},"type":"binary-expr","locations":[{"start":{"line":30,"column":8},"end":{"line":30,"column":22}},{"start":{"line":30,"column":26},"end":{"line":30,"column":62}}],"line":30},"2":{"loc":{"start":{"line":32,"column":8},"end":{"line":35,"column":16}},"type":"if","locations":[{"start":{"line":32,"column":8},"end":{"line":35,"column":16}},{"start":{"line":35,"column":13},"end":{"line":35,"column":16}}],"line":32},"3":{"loc":{"start":{"line":51,"column":4},"end":{"line":56,"column":5}},"type":"if","locations":[{"start":{"line":51,"column":4},"end":{"line":56,"column":5}},{"start":{"line":54,"column":9},"end":{"line":56,"column":5}}],"line":51},"4":{"loc":{"start":{"line":74,"column":4},"end":{"line":84,"column":5}},"type":"if","locations":[{"start":{"line":74,"column":4},"end":{"line":84,"column":5}},{"start":{"line":82,"column":9},"end":{"line":84,"column":5}}],"line":74},"5":{"loc":{"start":{"line":110,"column":4},"end":{"line":115,"column":5}},"type":"if","locations":[{"start":{"line":110,"column":4},"end":{"line":115,"column":5}},{"start":{"line":113,"column":9},"end":{"line":115,"column":5}}],"line":110},"6":{"loc":{"start":{"line":132,"column":4},"end":{"line":140,"column":5}},"type":"if","locations":[{"start":{"line":132,"column":4},"end":{"line":140,"column":5}},{"start":{"line":135,"column":9},"end":{"line":140,"column":5}}],"line":132},"7":{"loc":{"start":{"line":135,"column":9},"end":{"line":140,"column":5}},"type":"if","locations":[{"start":{"line":135,"column":9},"end":{"line":140,"column":5}},{"start":{"line":138,"column":9},"end":{"line":140,"column":5}}],"line":135}},"s":{"0":1,"1":1,"2":1,"3":1,"4":1,"5":1,"6":1,"7":1,"8":1,"9":1,"10":1,"11":3,"12":3,"13":2,"14":2,"15":1,"16":2,"17":1,"18":15,"19":15,"20":13,"21":2,"22":1,"23":1,"24":1,"25":1,"26":1,"27":1,"28":7,"29":7,"30":7,"31":1,"32":0,"33":0,"34":0,"35":0,"36":0,"37":0,"38":0,"39":0,"40":0,"41":0,"42":0,"43":0,"44":1,"45":1,"46":1,"47":1,"48":1,"49":7,"50":1},"f":{"0":3,"1":15,"2":1,"3":0,"4":0,"5":0,"6":1},"b":{"0":[2,1],"1":[3,2],"2":[1,1],"3":[13,2],"4":[1,0],"5":[0,0],"6":[0,0],"7":[0,0]},"inputSourceMap":null,"_coverageSchema":"1a1c01bbd47fc00a2c39e90264f33305004495a9","hash":"1c58d83e5245e25fcd64ea8b53f5a0f72e91c454"}
,"/Users/yafietkidane/PKD-p/lib/list.js": {"path":"/Users/yafietkidane/PKD-p/lib/list.js","statementMap":{"0":{"start":{"line":3,"column":0},"end":{"line":3,"column":62}},"1":{"start":{"line":4,"column":0},"end":{"line":4,"column":20}},"2":{"start":{"line":5,"column":0},"end":{"line":5,"column":20}},"3":{"start":{"line":6,"column":0},"end":{"line":6,"column":20}},"4":{"start":{"line":7,"column":0},"end":{"line":7,"column":26}},"5":{"start":{"line":8,"column":0},"end":{"line":8,"column":20}},"6":{"start":{"line":9,"column":0},"end":{"line":9,"column":30}},"7":{"start":{"line":10,"column":0},"end":{"line":10,"column":24}},"8":{"start":{"line":11,"column":0},"end":{"line":11,"column":18}},"9":{"start":{"line":12,"column":0},"end":{"line":12,"column":32}},"10":{"start":{"line":13,"column":0},"end":{"line":13,"column":28}},"11":{"start":{"line":14,"column":0},"end":{"line":14,"column":26}},"12":{"start":{"line":15,"column":0},"end":{"line":15,"column":24}},"13":{"start":{"line":16,"column":0},"end":{"line":16,"column":24}},"14":{"start":{"line":17,"column":0},"end":{"line":17,"column":24}},"15":{"start":{"line":18,"column":0},"end":{"line":18,"column":32}},"16":{"start":{"line":19,"column":0},"end":{"line":19,"column":24}},"17":{"start":{"line":20,"column":0},"end":{"line":20,"column":18}},"18":{"start":{"line":21,"column":0},"end":{"line":21,"column":30}},"19":{"start":{"line":22,"column":0},"end":{"line":22,"column":28}},"20":{"start":{"line":23,"column":0},"end":{"line":23,"column":32}},"21":{"start":{"line":24,"column":0},"end":{"line":24,"column":30}},"22":{"start":{"line":25,"column":0},"end":{"line":25,"column":26}},"23":{"start":{"line":35,"column":4},"end":{"line":35,"column":20}},"24":{"start":{"line":43,"column":4},"end":{"line":43,"column":16}},"25":{"start":{"line":51,"column":4},"end":{"line":51,"column":16}},"26":{"start":{"line":59,"column":4},"end":{"line":59,"column":22}},"27":{"start":{"line":69,"column":19},"end":{"line":69,"column":21}},"28":{"start":{"line":70,"column":4},"end":{"line":72,"column":5}},"29":{"start":{"line":70,"column":18},"end":{"line":70,"column":19}},"30":{"start":{"line":71,"column":8},"end":{"line":71,"column":37}},"31":{"start":{"line":73,"column":14},"end":{"line":73,"column":18}},"32":{"start":{"line":74,"column":4},"end":{"line":76,"column":5}},"33":{"start":{"line":74,"column":17},"end":{"line":74,"column":36}},"34":{"start":{"line":75,"column":8},"end":{"line":75,"column":37}},"35":{"start":{"line":77,"column":4},"end":{"line":77,"column":15}},"36":{"start":{"line":86,"column":4},"end":{"line":86,"column":16}},"37":{"start":{"line":96,"column":17},"end":{"line":96,"column":24}},"38":{"start":{"line":97,"column":8},"end":{"line":99,"column":41}},"39":{"start":{"line":101,"column":4},"end":{"line":106,"column":5}},"40":{"start":{"line":102,"column":8},"end":{"line":102,"column":24}},"41":{"start":{"line":105,"column":8},"end":{"line":105,"column":41}},"42":{"start":{"line":117,"column":8},"end":{"line":117,"column":62}},"43":{"start":{"line":119,"column":4},"end":{"line":119,"column":26}},"44":{"start":{"line":132,"column":8},"end":{"line":134,"column":56}},"45":{"start":{"line":136,"column":4},"end":{"line":136,"column":29}},"46":{"start":{"line":148,"column":8},"end":{"line":150,"column":67}},"47":{"start":{"line":152,"column":4},"end":{"line":152,"column":41}},"48":{"start":{"line":163,"column":4},"end":{"line":166,"column":5}},"49":{"start":{"line":164,"column":8},"end":{"line":164,"column":22}},"50":{"start":{"line":165,"column":8},"end":{"line":165,"column":22}},"51":{"start":{"line":177,"column":8},"end":{"line":179,"column":71}},"52":{"start":{"line":181,"column":4},"end":{"line":181,"column":30}},"53":{"start":{"line":194,"column":8},"end":{"line":196,"column":88}},"54":{"start":{"line":196,"column":52},"end":{"line":196,"column":84}},"55":{"start":{"line":198,"column":4},"end":{"line":198,"column":57}},"56":{"start":{"line":198,"column":43},"end":{"line":198,"column":53}},"57":{"start":{"line":210,"column":4},"end":{"line":214,"column":37}},"58":{"start":{"line":227,"column":18},"end":{"line":227,"column":24}},"59":{"start":{"line":228,"column":18},"end":{"line":228,"column":25}},"60":{"start":{"line":229,"column":8},"end":{"line":233,"column":60}},"61":{"start":{"line":235,"column":4},"end":{"line":235,"column":35}},"62":{"start":{"line":248,"column":18},"end":{"line":248,"column":24}},"63":{"start":{"line":249,"column":18},"end":{"line":249,"column":25}},"64":{"start":{"line":250,"column":8},"end":{"line":254,"column":64}},"65":{"start":{"line":256,"column":4},"end":{"line":256,"column":36}},"66":{"start":{"line":269,"column":8},"end":{"line":273,"column":47}},"67":{"start":{"line":275,"column":4},"end":{"line":275,"column":35}},"68":{"start":{"line":285,"column":4},"end":{"line":285,"column":70}},"69":{"start":{"line":297,"column":18},"end":{"line":297,"column":25}},"70":{"start":{"line":298,"column":8},"end":{"line":300,"column":59}},"71":{"start":{"line":302,"column":4},"end":{"line":302,"column":40}},"72":{"start":{"line":314,"column":4},"end":{"line":318,"column":40}},"73":{"start":{"line":335,"column":8},"end":{"line":337,"column":97}},"74":{"start":{"line":337,"column":64},"end":{"line":337,"column":93}},"75":{"start":{"line":339,"column":4},"end":{"line":339,"column":68}},"76":{"start":{"line":339,"column":55},"end":{"line":339,"column":64}},"77":{"start":{"line":355,"column":4},"end":{"line":357,"column":55}},"78":{"start":{"line":366,"column":4},"end":{"line":366,"column":49}}},"fnMap":{"0":{"name":"pair","decl":{"start":{"line":34,"column":9},"end":{"line":34,"column":13}},"loc":{"start":{"line":34,"column":22},"end":{"line":36,"column":1}},"line":34},"1":{"name":"head","decl":{"start":{"line":42,"column":9},"end":{"line":42,"column":13}},"loc":{"start":{"line":42,"column":17},"end":{"line":44,"column":1}},"line":42},"2":{"name":"tail","decl":{"start":{"line":50,"column":9},"end":{"line":50,"column":13}},"loc":{"start":{"line":50,"column":17},"end":{"line":52,"column":1}},"line":50},"3":{"name":"is_null","decl":{"start":{"line":58,"column":9},"end":{"line":58,"column":16}},"loc":{"start":{"line":58,"column":20},"end":{"line":60,"column":1}},"line":58},"4":{"name":"list","decl":{"start":{"line":68,"column":9},"end":{"line":68,"column":13}},"loc":{"start":{"line":68,"column":16},"end":{"line":78,"column":1}},"line":68},"5":{"name":"empty_list","decl":{"start":{"line":85,"column":9},"end":{"line":85,"column":19}},"loc":{"start":{"line":85,"column":22},"end":{"line":87,"column":1}},"line":85},"6":{"name":"to_string","decl":{"start":{"line":94,"column":9},"end":{"line":94,"column":18}},"loc":{"start":{"line":94,"column":23},"end":{"line":107,"column":1}},"line":94},"7":{"name":"print","decl":{"start":{"line":95,"column":13},"end":{"line":95,"column":18}},"loc":{"start":{"line":95,"column":22},"end":{"line":100,"column":5}},"line":95},"8":{"name":"length","decl":{"start":{"line":115,"column":9},"end":{"line":115,"column":15}},"loc":{"start":{"line":115,"column":20},"end":{"line":120,"column":1}},"line":115},"9":{"name":"$length","decl":{"start":{"line":116,"column":13},"end":{"line":116,"column":20}},"loc":{"start":{"line":116,"column":30},"end":{"line":118,"column":5}},"line":116},"10":{"name":"map","decl":{"start":{"line":130,"column":9},"end":{"line":130,"column":12}},"loc":{"start":{"line":130,"column":20},"end":{"line":137,"column":1}},"line":130},"11":{"name":"$map","decl":{"start":{"line":131,"column":13},"end":{"line":131,"column":17}},"loc":{"start":{"line":131,"column":30},"end":{"line":135,"column":5}},"line":131},"12":{"name":"build_list","decl":{"start":{"line":146,"column":9},"end":{"line":146,"column":19}},"loc":{"start":{"line":146,"column":28},"end":{"line":153,"column":1}},"line":146},"13":{"name":"$build_list","decl":{"start":{"line":147,"column":13},"end":{"line":147,"column":24}},"loc":{"start":{"line":147,"column":48},"end":{"line":151,"column":5}},"line":147},"14":{"name":"for_each","decl":{"start":{"line":162,"column":9},"end":{"line":162,"column":17}},"loc":{"start":{"line":162,"column":27},"end":{"line":167,"column":1}},"line":162},"15":{"name":"reverse","decl":{"start":{"line":175,"column":9},"end":{"line":175,"column":16}},"loc":{"start":{"line":175,"column":21},"end":{"line":182,"column":1}},"line":175},"16":{"name":"$reverse","decl":{"start":{"line":176,"column":13},"end":{"line":176,"column":21}},"loc":{"start":{"line":176,"column":42},"end":{"line":180,"column":5}},"line":176},"17":{"name":"append","decl":{"start":{"line":192,"column":9},"end":{"line":192,"column":15}},"loc":{"start":{"line":192,"column":24},"end":{"line":199,"column":1}},"line":192},"18":{"name":"$append","decl":{"start":{"line":193,"column":13},"end":{"line":193,"column":20}},"loc":{"start":{"line":193,"column":35},"end":{"line":197,"column":5}},"line":193},"19":{"name":"(anonymous_19)","decl":{"start":{"line":196,"column":36},"end":{"line":196,"column":37}},"loc":{"start":{"line":196,"column":50},"end":{"line":196,"column":86}},"line":196},"20":{"name":"(anonymous_20)","decl":{"start":{"line":198,"column":27},"end":{"line":198,"column":28}},"loc":{"start":{"line":198,"column":41},"end":{"line":198,"column":55}},"line":198},"21":{"name":"member","decl":{"start":{"line":209,"column":9},"end":{"line":209,"column":15}},"loc":{"start":{"line":209,"column":26},"end":{"line":215,"column":1}},"line":209},"22":{"name":"remove","decl":{"start":{"line":224,"column":9},"end":{"line":224,"column":15}},"loc":{"start":{"line":224,"column":26},"end":{"line":236,"column":1}},"line":224},"23":{"name":"$remove","decl":{"start":{"line":225,"column":13},"end":{"line":225,"column":20}},"loc":{"start":{"line":225,"column":33},"end":{"line":234,"column":5}},"line":225},"24":{"name":"remove_all","decl":{"start":{"line":245,"column":9},"end":{"line":245,"column":19}},"loc":{"start":{"line":245,"column":27},"end":{"line":257,"column":1}},"line":245},"25":{"name":"$remove_all","decl":{"start":{"line":246,"column":13},"end":{"line":246,"column":24}},"loc":{"start":{"line":246,"column":37},"end":{"line":255,"column":5}},"line":246},"26":{"name":"filter","decl":{"start":{"line":267,"column":9},"end":{"line":267,"column":15}},"loc":{"start":{"line":267,"column":26},"end":{"line":276,"column":1}},"line":267},"27":{"name":"$filter","decl":{"start":{"line":268,"column":13},"end":{"line":268,"column":20}},"loc":{"start":{"line":268,"column":36},"end":{"line":274,"column":5}},"line":268},"28":{"name":"all","decl":{"start":{"line":284,"column":9},"end":{"line":284,"column":12}},"loc":{"start":{"line":284,"column":23},"end":{"line":286,"column":1}},"line":284},"29":{"name":"enum_list","decl":{"start":{"line":294,"column":9},"end":{"line":294,"column":18}},"loc":{"start":{"line":294,"column":31},"end":{"line":303,"column":1}},"line":294},"30":{"name":"$enum_list","decl":{"start":{"line":295,"column":13},"end":{"line":295,"column":23}},"loc":{"start":{"line":295,"column":41},"end":{"line":301,"column":5}},"line":295},"31":{"name":"list_ref","decl":{"start":{"line":313,"column":9},"end":{"line":313,"column":17}},"loc":{"start":{"line":313,"column":25},"end":{"line":319,"column":1}},"line":313},"32":{"name":"accumulate","decl":{"start":{"line":333,"column":9},"end":{"line":333,"column":19}},"loc":{"start":{"line":333,"column":37},"end":{"line":340,"column":1}},"line":333},"33":{"name":"$accumulate","decl":{"start":{"line":334,"column":13},"end":{"line":334,"column":24}},"loc":{"start":{"line":334,"column":48},"end":{"line":338,"column":5}},"line":334},"34":{"name":"(anonymous_34)","decl":{"start":{"line":337,"column":49},"end":{"line":337,"column":50}},"loc":{"start":{"line":337,"column":62},"end":{"line":337,"column":95}},"line":337},"35":{"name":"(anonymous_35)","decl":{"start":{"line":339,"column":40},"end":{"line":339,"column":41}},"loc":{"start":{"line":339,"column":53},"end":{"line":339,"column":66}},"line":339},"36":{"name":"fold_left","decl":{"start":{"line":354,"column":9},"end":{"line":354,"column":18}},"loc":{"start":{"line":354,"column":35},"end":{"line":358,"column":1}},"line":354},"37":{"name":"flatten","decl":{"start":{"line":365,"column":9},"end":{"line":365,"column":16}},"loc":{"start":{"line":365,"column":22},"end":{"line":367,"column":1}},"line":365}},"branchMap":{"0":{"loc":{"start":{"line":97,"column":15},"end":{"line":99,"column":40}},"type":"cond-expr","locations":[{"start":{"line":98,"column":14},"end":{"line":98,"column":26}},{"start":{"line":99,"column":14},"end":{"line":99,"column":40}}],"line":97},"1":{"loc":{"start":{"line":101,"column":4},"end":{"line":106,"column":5}},"type":"if","locations":[{"start":{"line":101,"column":4},"end":{"line":106,"column":5}},{"start":{"line":104,"column":9},"end":{"line":106,"column":5}}],"line":101},"2":{"loc":{"start":{"line":117,"column":15},"end":{"line":117,"column":61}},"type":"cond-expr","locations":[{"start":{"line":117,"column":29},"end":{"line":117,"column":32}},{"start":{"line":117,"column":35},"end":{"line":117,"column":61}}],"line":117},"3":{"loc":{"start":{"line":132,"column":15},"end":{"line":134,"column":55}},"type":"cond-expr","locations":[{"start":{"line":133,"column":14},"end":{"line":133,"column":26}},{"start":{"line":134,"column":14},"end":{"line":134,"column":55}}],"line":132},"4":{"loc":{"start":{"line":148,"column":15},"end":{"line":150,"column":66}},"type":"cond-expr","locations":[{"start":{"line":149,"column":14},"end":{"line":149,"column":27}},{"start":{"line":150,"column":14},"end":{"line":150,"column":66}}],"line":148},"5":{"loc":{"start":{"line":177,"column":15},"end":{"line":179,"column":70}},"type":"cond-expr","locations":[{"start":{"line":178,"column":14},"end":{"line":178,"column":22}},{"start":{"line":179,"column":14},"end":{"line":179,"column":70}}],"line":177},"6":{"loc":{"start":{"line":194,"column":15},"end":{"line":196,"column":87}},"type":"cond-expr","locations":[{"start":{"line":195,"column":14},"end":{"line":195,"column":22}},{"start":{"line":196,"column":14},"end":{"line":196,"column":87}}],"line":194},"7":{"loc":{"start":{"line":210,"column":11},"end":{"line":214,"column":36}},"type":"cond-expr","locations":[{"start":{"line":211,"column":10},"end":{"line":211,"column":14}},{"start":{"line":212,"column":10},"end":{"line":214,"column":36}}],"line":210},"8":{"loc":{"start":{"line":212,"column":10},"end":{"line":214,"column":36}},"type":"cond-expr","locations":[{"start":{"line":213,"column":14},"end":{"line":213,"column":16}},{"start":{"line":214,"column":14},"end":{"line":214,"column":36}}],"line":212},"9":{"loc":{"start":{"line":229,"column":15},"end":{"line":233,"column":59}},"type":"cond-expr","locations":[{"start":{"line":230,"column":14},"end":{"line":230,"column":31}},{"start":{"line":231,"column":14},"end":{"line":233,"column":59}}],"line":229},"10":{"loc":{"start":{"line":231,"column":14},"end":{"line":233,"column":59}},"type":"cond-expr","locations":[{"start":{"line":232,"column":18},"end":{"line":232,"column":41}},{"start":{"line":233,"column":18},"end":{"line":233,"column":59}}],"line":231},"11":{"loc":{"start":{"line":250,"column":15},"end":{"line":254,"column":63}},"type":"cond-expr","locations":[{"start":{"line":251,"column":14},"end":{"line":251,"column":31}},{"start":{"line":252,"column":14},"end":{"line":254,"column":63}}],"line":250},"12":{"loc":{"start":{"line":252,"column":14},"end":{"line":254,"column":63}},"type":"cond-expr","locations":[{"start":{"line":253,"column":18},"end":{"line":253,"column":47}},{"start":{"line":254,"column":18},"end":{"line":254,"column":63}}],"line":252},"13":{"loc":{"start":{"line":269,"column":15},"end":{"line":273,"column":46}},"type":"cond-expr","locations":[{"start":{"line":270,"column":14},"end":{"line":270,"column":26}},{"start":{"line":271,"column":14},"end":{"line":273,"column":46}}],"line":269},"14":{"loc":{"start":{"line":271,"column":14},"end":{"line":273,"column":46}},"type":"cond-expr","locations":[{"start":{"line":272,"column":18},"end":{"line":272,"column":62}},{"start":{"line":273,"column":18},"end":{"line":273,"column":46}}],"line":271},"15":{"loc":{"start":{"line":285,"column":11},"end":{"line":285,"column":69}},"type":"cond-expr","locations":[{"start":{"line":285,"column":25},"end":{"line":285,"column":29}},{"start":{"line":285,"column":32},"end":{"line":285,"column":69}}],"line":285},"16":{"loc":{"start":{"line":285,"column":32},"end":{"line":285,"column":69}},"type":"binary-expr","locations":[{"start":{"line":285,"column":32},"end":{"line":285,"column":46}},{"start":{"line":285,"column":50},"end":{"line":285,"column":69}}],"line":285},"17":{"loc":{"start":{"line":298,"column":15},"end":{"line":300,"column":58}},"type":"cond-expr","locations":[{"start":{"line":299,"column":14},"end":{"line":299,"column":22}},{"start":{"line":300,"column":14},"end":{"line":300,"column":58}}],"line":298},"18":{"loc":{"start":{"line":314,"column":11},"end":{"line":318,"column":39}},"type":"cond-expr","locations":[{"start":{"line":315,"column":10},"end":{"line":315,"column":19}},{"start":{"line":316,"column":10},"end":{"line":318,"column":39}}],"line":314},"19":{"loc":{"start":{"line":316,"column":10},"end":{"line":318,"column":39}},"type":"cond-expr","locations":[{"start":{"line":317,"column":14},"end":{"line":317,"column":22}},{"start":{"line":318,"column":14},"end":{"line":318,"column":39}}],"line":316},"20":{"loc":{"start":{"line":335,"column":15},"end":{"line":337,"column":96}},"type":"cond-expr","locations":[{"start":{"line":336,"column":14},"end":{"line":336,"column":27}},{"start":{"line":337,"column":14},"end":{"line":337,"column":96}}],"line":335},"21":{"loc":{"start":{"line":355,"column":11},"end":{"line":357,"column":54}},"type":"cond-expr","locations":[{"start":{"line":356,"column":10},"end":{"line":356,"column":17}},{"start":{"line":357,"column":10},"end":{"line":357,"column":54}}],"line":355}},"s":{"0":1,"1":1,"2":1,"3":1,"4":1,"5":1,"6":1,"7":1,"8":1,"9":1,"10":1,"11":1,"12":1,"13":1,"14":1,"15":1,"16":1,"17":1,"18":1,"19":1,"20":1,"21":1,"22":1,"23":17,"24":0,"25":11,"26":21,"27":14,"28":14,"29":14,"30":15,"31":14,"32":14,"33":14,"34":15,"35":14,"36":0,"37":0,"38":0,"39":0,"40":0,"41":0,"42":17,"43":8,"44":0,"45":0,"46":0,"47":0,"48":0,"49":0,"50":0,"51":0,"52":0,"53":0,"54":0,"55":0,"56":0,"57":0,"58":0,"59":0,"60":0,"61":0,"62":0,"63":0,"64":0,"65":0,"66":0,"67":0,"68":0,"69":0,"70":0,"71":0,"72":0,"73":0,"74":0,"75":0,"76":0,"77":0,"78":0},"f":{"0":17,"1":0,"2":11,"3":21,"4":14,"5":0,"6":0,"7":0,"8":8,"9":17,"10":0,"11":0,"12":0,"13":0,"14":0,"15":0,"16":0,"17":0,"18":0,"19":0,"20":0,"21":0,"22":0,"23":0,"24":0,"25":0,"26":0,"27":0,"28":0,"29":0,"30":0,"31":0,"32":0,"33":0,"34":0,"35":0,"36":0,"37":0},"b":{"0":[0,0],"1":[0,0],"2":[8,9],"3":[0,0],"4":[0,0],"5":[0,0],"6":[0,0],"7":[0,0],"8":[0,0],"9":[0,0],"10":[0,0],"11":[0,0],"12":[0,0],"13":[0,0],"14":[0,0],"15":[0,0],"16":[0,0],"17":[0,0],"18":[0,0],"19":[0,0],"20":[0,0],"21":[0,0]},"inputSourceMap":null,"_coverageSchema":"1a1c01bbd47fc00a2c39e90264f33305004495a9","hash":"208f767aab3238110615d7daafb7217e017b307f"}
,"/Users/yafietkidane/PKD-p/lib/queue_array.js": {"path":"/Users/yafietkidane/PKD-p/lib/queue_array.js","statementMap":{"0":{"start":{"line":2,"column":0},"end":{"line":2,"column":62}},"1":{"start":{"line":3,"column":0},"end":{"line":3,"column":22}},"2":{"start":{"line":4,"column":0},"end":{"line":4,"column":28}},"3":{"start":{"line":5,"column":0},"end":{"line":5,"column":26}},"4":{"start":{"line":6,"column":0},"end":{"line":6,"column":20}},"5":{"start":{"line":7,"column":0},"end":{"line":7,"column":26}},"6":{"start":{"line":8,"column":0},"end":{"line":8,"column":38}},"7":{"start":{"line":15,"column":4},"end":{"line":15,"column":22}},"8":{"start":{"line":24,"column":4},"end":{"line":24,"column":25}},"9":{"start":{"line":34,"column":21},"end":{"line":34,"column":25}},"10":{"start":{"line":35,"column":4},"end":{"line":35,"column":25}},"11":{"start":{"line":36,"column":4},"end":{"line":36,"column":26}},"12":{"start":{"line":46,"column":21},"end":{"line":46,"column":25}},"13":{"start":{"line":47,"column":4},"end":{"line":47,"column":28}},"14":{"start":{"line":57,"column":21},"end":{"line":57,"column":25}},"15":{"start":{"line":58,"column":4},"end":{"line":58,"column":26}},"16":{"start":{"line":66,"column":4},"end":{"line":66,"column":40}}},"fnMap":{"0":{"name":"empty","decl":{"start":{"line":14,"column":9},"end":{"line":14,"column":14}},"loc":{"start":{"line":14,"column":17},"end":{"line":16,"column":1}},"line":14},"1":{"name":"is_empty","decl":{"start":{"line":23,"column":9},"end":{"line":23,"column":17}},"loc":{"start":{"line":23,"column":21},"end":{"line":25,"column":1}},"line":23},"2":{"name":"enqueue","decl":{"start":{"line":33,"column":9},"end":{"line":33,"column":16}},"loc":{"start":{"line":33,"column":23},"end":{"line":37,"column":1}},"line":33},"3":{"name":"head","decl":{"start":{"line":45,"column":9},"end":{"line":45,"column":13}},"loc":{"start":{"line":45,"column":17},"end":{"line":48,"column":1}},"line":45},"4":{"name":"dequeue","decl":{"start":{"line":56,"column":9},"end":{"line":56,"column":16}},"loc":{"start":{"line":56,"column":20},"end":{"line":59,"column":1}},"line":56},"5":{"name":"display_queue","decl":{"start":{"line":65,"column":9},"end":{"line":65,"column":22}},"loc":{"start":{"line":65,"column":26},"end":{"line":67,"column":1}},"line":65}},"branchMap":{},"s":{"0":1,"1":1,"2":1,"3":1,"4":1,"5":1,"6":1,"7":5,"8":0,"9":274,"10":274,"11":274,"12":7,"13":7,"14":7,"15":7,"16":0},"f":{"0":5,"1":0,"2":274,"3":7,"4":7,"5":0},"b":{},"inputSourceMap":null,"_coverageSchema":"1a1c01bbd47fc00a2c39e90264f33305004495a9","hash":"a19b85bab7bc08214f56a85e9f900d01b2aea87c"}
,"/Users/yafietkidane/PKD-p/lib/stack.js": {"path":"/Users/yafietkidane/PKD-p/lib/stack.js","statementMap":{"0":{"start":{"line":2,"column":0},"end":{"line":2,"column":62}},"1":{"start":{"line":3,"column":0},"end":{"line":3,"column":22}},"2":{"start":{"line":4,"column":0},"end":{"line":4,"column":28}},"3":{"start":{"line":5,"column":0},"end":{"line":5,"column":20}},"4":{"start":{"line":6,"column":0},"end":{"line":6,"column":18}},"5":{"start":{"line":7,"column":0},"end":{"line":7,"column":18}},"6":{"start":{"line":8,"column":0},"end":{"line":8,"column":38}},"7":{"start":{"line":9,"column":13},"end":{"line":9,"column":30}},"8":{"start":{"line":16,"column":4},"end":{"line":16,"column":16}},"9":{"start":{"line":25,"column":4},"end":{"line":25,"column":37}},"10":{"start":{"line":35,"column":4},"end":{"line":35,"column":37}},"11":{"start":{"line":44,"column":4},"end":{"line":44,"column":34}},"12":{"start":{"line":54,"column":4},"end":{"line":54,"column":34}},"13":{"start":{"line":63,"column":17},"end":{"line":63,"column":36}},"14":{"start":{"line":64,"column":8},"end":{"line":66,"column":53}},"15":{"start":{"line":68,"column":4},"end":{"line":73,"column":5}},"16":{"start":{"line":69,"column":8},"end":{"line":69,"column":31}},"17":{"start":{"line":72,"column":8},"end":{"line":72,"column":50}}},"fnMap":{"0":{"name":"empty","decl":{"start":{"line":15,"column":9},"end":{"line":15,"column":14}},"loc":{"start":{"line":15,"column":17},"end":{"line":17,"column":1}},"line":15},"1":{"name":"is_empty","decl":{"start":{"line":24,"column":9},"end":{"line":24,"column":17}},"loc":{"start":{"line":24,"column":24},"end":{"line":26,"column":1}},"line":24},"2":{"name":"push","decl":{"start":{"line":34,"column":9},"end":{"line":34,"column":13}},"loc":{"start":{"line":34,"column":23},"end":{"line":36,"column":1}},"line":34},"3":{"name":"top","decl":{"start":{"line":43,"column":9},"end":{"line":43,"column":12}},"loc":{"start":{"line":43,"column":19},"end":{"line":45,"column":1}},"line":43},"4":{"name":"pop","decl":{"start":{"line":53,"column":9},"end":{"line":53,"column":12}},"loc":{"start":{"line":53,"column":19},"end":{"line":55,"column":1}},"line":53},"5":{"name":"display_stack","decl":{"start":{"line":61,"column":9},"end":{"line":61,"column":22}},"loc":{"start":{"line":61,"column":29},"end":{"line":74,"column":1}},"line":61},"6":{"name":"print","decl":{"start":{"line":62,"column":13},"end":{"line":62,"column":18}},"loc":{"start":{"line":62,"column":22},"end":{"line":67,"column":5}},"line":62}},"branchMap":{"0":{"loc":{"start":{"line":64,"column":15},"end":{"line":66,"column":52}},"type":"cond-expr","locations":[{"start":{"line":65,"column":14},"end":{"line":65,"column":38}},{"start":{"line":66,"column":14},"end":{"line":66,"column":52}}],"line":64},"1":{"loc":{"start":{"line":68,"column":4},"end":{"line":73,"column":5}},"type":"if","locations":[{"start":{"line":68,"column":4},"end":{"line":73,"column":5}},{"start":{"line":71,"column":9},"end":{"line":73,"column":5}}],"line":68}},"s":{"0":1,"1":1,"2":1,"3":1,"4":1,"5":1,"6":1,"7":1,"8":0,"9":0,"10":0,"11":0,"12":0,"13":0,"14":0,"15":0,"16":0,"17":0},"f":{"0":0,"1":0,"2":0,"3":0,"4":0,"5":0,"6":0},"b":{"0":[0,0],"1":[0,0]},"inputSourceMap":null,"_coverageSchema":"1a1c01bbd47fc00a2c39e90264f33305004495a9","hash":"54937c3d71e033167349e6bed342bed0a628c0a1"}
}
