{"/Users/yafietkidane/PKD-p/lib/list.js": {"path":"/Users/yafietkidane/PKD-p/lib/list.js","statementMap":{"0":{"start":{"line":3,"column":0},"end":{"line":3,"column":62}},"1":{"start":{"line":4,"column":0},"end":{"line":4,"column":20}},"2":{"start":{"line":5,"column":0},"end":{"line":5,"column":20}},"3":{"start":{"line":6,"column":0},"end":{"line":6,"column":20}},"4":{"start":{"line":7,"column":0},"end":{"line":7,"column":26}},"5":{"start":{"line":8,"column":0},"end":{"line":8,"column":20}},"6":{"start":{"line":9,"column":0},"end":{"line":9,"column":30}},"7":{"start":{"line":10,"column":0},"end":{"line":10,"column":24}},"8":{"start":{"line":11,"column":0},"end":{"line":11,"column":18}},"9":{"start":{"line":12,"column":0},"end":{"line":12,"column":32}},"10":{"start":{"line":13,"column":0},"end":{"line":13,"column":28}},"11":{"start":{"line":14,"column":0},"end":{"line":14,"column":26}},"12":{"start":{"line":15,"column":0},"end":{"line":15,"column":24}},"13":{"start":{"line":16,"column":0},"end":{"line":16,"column":24}},"14":{"start":{"line":17,"column":0},"end":{"line":17,"column":24}},"15":{"start":{"line":18,"column":0},"end":{"line":18,"column":32}},"16":{"start":{"line":19,"column":0},"end":{"line":19,"column":24}},"17":{"start":{"line":20,"column":0},"end":{"line":20,"column":18}},"18":{"start":{"line":21,"column":0},"end":{"line":21,"column":30}},"19":{"start":{"line":22,"column":0},"end":{"line":22,"column":28}},"20":{"start":{"line":23,"column":0},"end":{"line":23,"column":32}},"21":{"start":{"line":24,"column":0},"end":{"line":24,"column":30}},"22":{"start":{"line":25,"column":0},"end":{"line":25,"column":26}},"23":{"start":{"line":35,"column":4},"end":{"line":35,"column":20}},"24":{"start":{"line":43,"column":4},"end":{"line":43,"column":16}},"25":{"start":{"line":51,"column":4},"end":{"line":51,"column":16}},"26":{"start":{"line":59,"column":4},"end":{"line":59,"column":22}},"27":{"start":{"line":69,"column":19},"end":{"line":69,"column":21}},"28":{"start":{"line":70,"column":4},"end":{"line":72,"column":5}},"29":{"start":{"line":70,"column":18},"end":{"line":70,"column":19}},"30":{"start":{"line":71,"column":8},"end":{"line":71,"column":37}},"31":{"start":{"line":73,"column":14},"end":{"line":73,"column":18}},"32":{"start":{"line":74,"column":4},"end":{"line":76,"column":5}},"33":{"start":{"line":74,"column":17},"end":{"line":74,"column":36}},"34":{"start":{"line":75,"column":8},"end":{"line":75,"column":37}},"35":{"start":{"line":77,"column":4},"end":{"line":77,"column":15}},"36":{"start":{"line":86,"column":4},"end":{"line":86,"column":16}},"37":{"start":{"line":96,"column":17},"end":{"line":96,"column":24}},"38":{"start":{"line":97,"column":8},"end":{"line":99,"column":41}},"39":{"start":{"line":101,"column":4},"end":{"line":106,"column":5}},"40":{"start":{"line":102,"column":8},"end":{"line":102,"column":24}},"41":{"start":{"line":105,"column":8},"end":{"line":105,"column":41}},"42":{"start":{"line":117,"column":8},"end":{"line":117,"column":62}},"43":{"start":{"line":119,"column":4},"end":{"line":119,"column":26}},"44":{"start":{"line":132,"column":8},"end":{"line":134,"column":56}},"45":{"start":{"line":136,"column":4},"end":{"line":136,"column":29}},"46":{"start":{"line":148,"column":8},"end":{"line":150,"column":67}},"47":{"start":{"line":152,"column":4},"end":{"line":152,"column":41}},"48":{"start":{"line":163,"column":4},"end":{"line":166,"column":5}},"49":{"start":{"line":164,"column":8},"end":{"line":164,"column":22}},"50":{"start":{"line":165,"column":8},"end":{"line":165,"column":22}},"51":{"start":{"line":177,"column":8},"end":{"line":179,"column":71}},"52":{"start":{"line":181,"column":4},"end":{"line":181,"column":30}},"53":{"start":{"line":194,"column":8},"end":{"line":196,"column":88}},"54":{"start":{"line":196,"column":52},"end":{"line":196,"column":84}},"55":{"start":{"line":198,"column":4},"end":{"line":198,"column":57}},"56":{"start":{"line":198,"column":43},"end":{"line":198,"column":53}},"57":{"start":{"line":210,"column":4},"end":{"line":214,"column":37}},"58":{"start":{"line":227,"column":18},"end":{"line":227,"column":24}},"59":{"start":{"line":228,"column":18},"end":{"line":228,"column":25}},"60":{"start":{"line":229,"column":8},"end":{"line":233,"column":60}},"61":{"start":{"line":235,"column":4},"end":{"line":235,"column":35}},"62":{"start":{"line":248,"column":18},"end":{"line":248,"column":24}},"63":{"start":{"line":249,"column":18},"end":{"line":249,"column":25}},"64":{"start":{"line":250,"column":8},"end":{"line":254,"column":64}},"65":{"start":{"line":256,"column":4},"end":{"line":256,"column":36}},"66":{"start":{"line":269,"column":8},"end":{"line":273,"column":47}},"67":{"start":{"line":275,"column":4},"end":{"line":275,"column":35}},"68":{"start":{"line":285,"column":4},"end":{"line":285,"column":70}},"69":{"start":{"line":297,"column":18},"end":{"line":297,"column":25}},"70":{"start":{"line":298,"column":8},"end":{"line":300,"column":59}},"71":{"start":{"line":302,"column":4},"end":{"line":302,"column":40}},"72":{"start":{"line":314,"column":4},"end":{"line":318,"column":40}},"73":{"start":{"line":335,"column":8},"end":{"line":337,"column":97}},"74":{"start":{"line":337,"column":64},"end":{"line":337,"column":93}},"75":{"start":{"line":339,"column":4},"end":{"line":339,"column":68}},"76":{"start":{"line":339,"column":55},"end":{"line":339,"column":64}},"77":{"start":{"line":355,"column":4},"end":{"line":357,"column":55}},"78":{"start":{"line":366,"column":4},"end":{"line":366,"column":49}}},"fnMap":{"0":{"name":"pair","decl":{"start":{"line":34,"column":9},"end":{"line":34,"column":13}},"loc":{"start":{"line":34,"column":22},"end":{"line":36,"column":1}},"line":34},"1":{"name":"head","decl":{"start":{"line":42,"column":9},"end":{"line":42,"column":13}},"loc":{"start":{"line":42,"column":17},"end":{"line":44,"column":1}},"line":42},"2":{"name":"tail","decl":{"start":{"line":50,"column":9},"end":{"line":50,"column":13}},"loc":{"start":{"line":50,"column":17},"end":{"line":52,"column":1}},"line":50},"3":{"name":"is_null","decl":{"start":{"line":58,"column":9},"end":{"line":58,"column":16}},"loc":{"start":{"line":58,"column":20},"end":{"line":60,"column":1}},"line":58},"4":{"name":"list","decl":{"start":{"line":68,"column":9},"end":{"line":68,"column":13}},"loc":{"start":{"line":68,"column":16},"end":{"line":78,"column":1}},"line":68},"5":{"name":"empty_list","decl":{"start":{"line":85,"column":9},"end":{"line":85,"column":19}},"loc":{"start":{"line":85,"column":22},"end":{"line":87,"column":1}},"line":85},"6":{"name":"to_string","decl":{"start":{"line":94,"column":9},"end":{"line":94,"column":18}},"loc":{"start":{"line":94,"column":23},"end":{"line":107,"column":1}},"line":94},"7":{"name":"print","decl":{"start":{"line":95,"column":13},"end":{"line":95,"column":18}},"loc":{"start":{"line":95,"column":22},"end":{"line":100,"column":5}},"line":95},"8":{"name":"length","decl":{"start":{"line":115,"column":9},"end":{"line":115,"column":15}},"loc":{"start":{"line":115,"column":20},"end":{"line":120,"column":1}},"line":115},"9":{"name":"$length","decl":{"start":{"line":116,"column":13},"end":{"line":116,"column":20}},"loc":{"start":{"line":116,"column":30},"end":{"line":118,"column":5}},"line":116},"10":{"name":"map","decl":{"start":{"line":130,"column":9},"end":{"line":130,"column":12}},"loc":{"start":{"line":130,"column":20},"end":{"line":137,"column":1}},"line":130},"11":{"name":"$map","decl":{"start":{"line":131,"column":13},"end":{"line":131,"column":17}},"loc":{"start":{"line":131,"column":30},"end":{"line":135,"column":5}},"line":131},"12":{"name":"build_list","decl":{"start":{"line":146,"column":9},"end":{"line":146,"column":19}},"loc":{"start":{"line":146,"column":28},"end":{"line":153,"column":1}},"line":146},"13":{"name":"$build_list","decl":{"start":{"line":147,"column":13},"end":{"line":147,"column":24}},"loc":{"start":{"line":147,"column":48},"end":{"line":151,"column":5}},"line":147},"14":{"name":"for_each","decl":{"start":{"line":162,"column":9},"end":{"line":162,"column":17}},"loc":{"start":{"line":162,"column":27},"end":{"line":167,"column":1}},"line":162},"15":{"name":"reverse","decl":{"start":{"line":175,"column":9},"end":{"line":175,"column":16}},"loc":{"start":{"line":175,"column":21},"end":{"line":182,"column":1}},"line":175},"16":{"name":"$reverse","decl":{"start":{"line":176,"column":13},"end":{"line":176,"column":21}},"loc":{"start":{"line":176,"column":42},"end":{"line":180,"column":5}},"line":176},"17":{"name":"append","decl":{"start":{"line":192,"column":9},"end":{"line":192,"column":15}},"loc":{"start":{"line":192,"column":24},"end":{"line":199,"column":1}},"line":192},"18":{"name":"$append","decl":{"start":{"line":193,"column":13},"end":{"line":193,"column":20}},"loc":{"start":{"line":193,"column":35},"end":{"line":197,"column":5}},"line":193},"19":{"name":"(anonymous_19)","decl":{"start":{"line":196,"column":36},"end":{"line":196,"column":37}},"loc":{"start":{"line":196,"column":50},"end":{"line":196,"column":86}},"line":196},"20":{"name":"(anonymous_20)","decl":{"start":{"line":198,"column":27},"end":{"line":198,"column":28}},"loc":{"start":{"line":198,"column":41},"end":{"line":198,"column":55}},"line":198},"21":{"name":"member","decl":{"start":{"line":209,"column":9},"end":{"line":209,"column":15}},"loc":{"start":{"line":209,"column":26},"end":{"line":215,"column":1}},"line":209},"22":{"name":"remove","decl":{"start":{"line":224,"column":9},"end":{"line":224,"column":15}},"loc":{"start":{"line":224,"column":26},"end":{"line":236,"column":1}},"line":224},"23":{"name":"$remove","decl":{"start":{"line":225,"column":13},"end":{"line":225,"column":20}},"loc":{"start":{"line":225,"column":33},"end":{"line":234,"column":5}},"line":225},"24":{"name":"remove_all","decl":{"start":{"line":245,"column":9},"end":{"line":245,"column":19}},"loc":{"start":{"line":245,"column":27},"end":{"line":257,"column":1}},"line":245},"25":{"name":"$remove_all","decl":{"start":{"line":246,"column":13},"end":{"line":246,"column":24}},"loc":{"start":{"line":246,"column":37},"end":{"line":255,"column":5}},"line":246},"26":{"name":"filter","decl":{"start":{"line":267,"column":9},"end":{"line":267,"column":15}},"loc":{"start":{"line":267,"column":26},"end":{"line":276,"column":1}},"line":267},"27":{"name":"$filter","decl":{"start":{"line":268,"column":13},"end":{"line":268,"column":20}},"loc":{"start":{"line":268,"column":36},"end":{"line":274,"column":5}},"line":268},"28":{"name":"all","decl":{"start":{"line":284,"column":9},"end":{"line":284,"column":12}},"loc":{"start":{"line":284,"column":23},"end":{"line":286,"column":1}},"line":284},"29":{"name":"enum_list","decl":{"start":{"line":294,"column":9},"end":{"line":294,"column":18}},"loc":{"start":{"line":294,"column":31},"end":{"line":303,"column":1}},"line":294},"30":{"name":"$enum_list","decl":{"start":{"line":295,"column":13},"end":{"line":295,"column":23}},"loc":{"start":{"line":295,"column":41},"end":{"line":301,"column":5}},"line":295},"31":{"name":"list_ref","decl":{"start":{"line":313,"column":9},"end":{"line":313,"column":17}},"loc":{"start":{"line":313,"column":25},"end":{"line":319,"column":1}},"line":313},"32":{"name":"accumulate","decl":{"start":{"line":333,"column":9},"end":{"line":333,"column":19}},"loc":{"start":{"line":333,"column":37},"end":{"line":340,"column":1}},"line":333},"33":{"name":"$accumulate","decl":{"start":{"line":334,"column":13},"end":{"line":334,"column":24}},"loc":{"start":{"line":334,"column":48},"end":{"line":338,"column":5}},"line":334},"34":{"name":"(anonymous_34)","decl":{"start":{"line":337,"column":49},"end":{"line":337,"column":50}},"loc":{"start":{"line":337,"column":62},"end":{"line":337,"column":95}},"line":337},"35":{"name":"(anonymous_35)","decl":{"start":{"line":339,"column":40},"end":{"line":339,"column":41}},"loc":{"start":{"line":339,"column":53},"end":{"line":339,"column":66}},"line":339},"36":{"name":"fold_left","decl":{"start":{"line":354,"column":9},"end":{"line":354,"column":18}},"loc":{"start":{"line":354,"column":35},"end":{"line":358,"column":1}},"line":354},"37":{"name":"flatten","decl":{"start":{"line":365,"column":9},"end":{"line":365,"column":16}},"loc":{"start":{"line":365,"column":22},"end":{"line":367,"column":1}},"line":365}},"branchMap":{"0":{"loc":{"start":{"line":97,"column":15},"end":{"line":99,"column":40}},"type":"cond-expr","locations":[{"start":{"line":98,"column":14},"end":{"line":98,"column":26}},{"start":{"line":99,"column":14},"end":{"line":99,"column":40}}],"line":97},"1":{"loc":{"start":{"line":101,"column":4},"end":{"line":106,"column":5}},"type":"if","locations":[{"start":{"line":101,"column":4},"end":{"line":106,"column":5}},{"start":{"line":104,"column":9},"end":{"line":106,"column":5}}],"line":101},"2":{"loc":{"start":{"line":117,"column":15},"end":{"line":117,"column":61}},"type":"cond-expr","locations":[{"start":{"line":117,"column":29},"end":{"line":117,"column":32}},{"start":{"line":117,"column":35},"end":{"line":117,"column":61}}],"line":117},"3":{"loc":{"start":{"line":132,"column":15},"end":{"line":134,"column":55}},"type":"cond-expr","locations":[{"start":{"line":133,"column":14},"end":{"line":133,"column":26}},{"start":{"line":134,"column":14},"end":{"line":134,"column":55}}],"line":132},"4":{"loc":{"start":{"line":148,"column":15},"end":{"line":150,"column":66}},"type":"cond-expr","locations":[{"start":{"line":149,"column":14},"end":{"line":149,"column":27}},{"start":{"line":150,"column":14},"end":{"line":150,"column":66}}],"line":148},"5":{"loc":{"start":{"line":177,"column":15},"end":{"line":179,"column":70}},"type":"cond-expr","locations":[{"start":{"line":178,"column":14},"end":{"line":178,"column":22}},{"start":{"line":179,"column":14},"end":{"line":179,"column":70}}],"line":177},"6":{"loc":{"start":{"line":194,"column":15},"end":{"line":196,"column":87}},"type":"cond-expr","locations":[{"start":{"line":195,"column":14},"end":{"line":195,"column":22}},{"start":{"line":196,"column":14},"end":{"line":196,"column":87}}],"line":194},"7":{"loc":{"start":{"line":210,"column":11},"end":{"line":214,"column":36}},"type":"cond-expr","locations":[{"start":{"line":211,"column":10},"end":{"line":211,"column":14}},{"start":{"line":212,"column":10},"end":{"line":214,"column":36}}],"line":210},"8":{"loc":{"start":{"line":212,"column":10},"end":{"line":214,"column":36}},"type":"cond-expr","locations":[{"start":{"line":213,"column":14},"end":{"line":213,"column":16}},{"start":{"line":214,"column":14},"end":{"line":214,"column":36}}],"line":212},"9":{"loc":{"start":{"line":229,"column":15},"end":{"line":233,"column":59}},"type":"cond-expr","locations":[{"start":{"line":230,"column":14},"end":{"line":230,"column":31}},{"start":{"line":231,"column":14},"end":{"line":233,"column":59}}],"line":229},"10":{"loc":{"start":{"line":231,"column":14},"end":{"line":233,"column":59}},"type":"cond-expr","locations":[{"start":{"line":232,"column":18},"end":{"line":232,"column":41}},{"start":{"line":233,"column":18},"end":{"line":233,"column":59}}],"line":231},"11":{"loc":{"start":{"line":250,"column":15},"end":{"line":254,"column":63}},"type":"cond-expr","locations":[{"start":{"line":251,"column":14},"end":{"line":251,"column":31}},{"start":{"line":252,"column":14},"end":{"line":254,"column":63}}],"line":250},"12":{"loc":{"start":{"line":252,"column":14},"end":{"line":254,"column":63}},"type":"cond-expr","locations":[{"start":{"line":253,"column":18},"end":{"line":253,"column":47}},{"start":{"line":254,"column":18},"end":{"line":254,"column":63}}],"line":252},"13":{"loc":{"start":{"line":269,"column":15},"end":{"line":273,"column":46}},"type":"cond-expr","locations":[{"start":{"line":270,"column":14},"end":{"line":270,"column":26}},{"start":{"line":271,"column":14},"end":{"line":273,"column":46}}],"line":269},"14":{"loc":{"start":{"line":271,"column":14},"end":{"line":273,"column":46}},"type":"cond-expr","locations":[{"start":{"line":272,"column":18},"end":{"line":272,"column":62}},{"start":{"line":273,"column":18},"end":{"line":273,"column":46}}],"line":271},"15":{"loc":{"start":{"line":285,"column":11},"end":{"line":285,"column":69}},"type":"cond-expr","locations":[{"start":{"line":285,"column":25},"end":{"line":285,"column":29}},{"start":{"line":285,"column":32},"end":{"line":285,"column":69}}],"line":285},"16":{"loc":{"start":{"line":285,"column":32},"end":{"line":285,"column":69}},"type":"binary-expr","locations":[{"start":{"line":285,"column":32},"end":{"line":285,"column":46}},{"start":{"line":285,"column":50},"end":{"line":285,"column":69}}],"line":285},"17":{"loc":{"start":{"line":298,"column":15},"end":{"line":300,"column":58}},"type":"cond-expr","locations":[{"start":{"line":299,"column":14},"end":{"line":299,"column":22}},{"start":{"line":300,"column":14},"end":{"line":300,"column":58}}],"line":298},"18":{"loc":{"start":{"line":314,"column":11},"end":{"line":318,"column":39}},"type":"cond-expr","locations":[{"start":{"line":315,"column":10},"end":{"line":315,"column":19}},{"start":{"line":316,"column":10},"end":{"line":318,"column":39}}],"line":314},"19":{"loc":{"start":{"line":316,"column":10},"end":{"line":318,"column":39}},"type":"cond-expr","locations":[{"start":{"line":317,"column":14},"end":{"line":317,"column":22}},{"start":{"line":318,"column":14},"end":{"line":318,"column":39}}],"line":316},"20":{"loc":{"start":{"line":335,"column":15},"end":{"line":337,"column":96}},"type":"cond-expr","locations":[{"start":{"line":336,"column":14},"end":{"line":336,"column":27}},{"start":{"line":337,"column":14},"end":{"line":337,"column":96}}],"line":335},"21":{"loc":{"start":{"line":355,"column":11},"end":{"line":357,"column":54}},"type":"cond-expr","locations":[{"start":{"line":356,"column":10},"end":{"line":356,"column":17}},{"start":{"line":357,"column":10},"end":{"line":357,"column":54}}],"line":355}},"s":{"0":1,"1":1,"2":1,"3":1,"4":1,"5":1,"6":1,"7":1,"8":1,"9":1,"10":1,"11":1,"12":1,"13":1,"14":1,"15":1,"16":1,"17":1,"18":1,"19":1,"20":1,"21":1,"22":1,"23":98,"24":19,"25":81,"26":149,"27":77,"28":77,"29":77,"30":79,"31":77,"32":77,"33":77,"34":79,"35":77,"36":0,"37":0,"38":0,"39":0,"40":0,"41":0,"42":117,"43":56,"44":0,"45":0,"46":0,"47":0,"48":0,"49":0,"50":0,"51":0,"52":0,"53":0,"54":0,"55":0,"56":0,"57":0,"58":0,"59":0,"60":0,"61":0,"62":0,"63":0,"64":0,"65":0,"66":0,"67":0,"68":0,"69":0,"70":0,"71":0,"72":0,"73":0,"74":0,"75":0,"76":0,"77":0,"78":0},"f":{"0":98,"1":19,"2":81,"3":149,"4":77,"5":0,"6":0,"7":0,"8":56,"9":117,"10":0,"11":0,"12":0,"13":0,"14":0,"15":0,"16":0,"17":0,"18":0,"19":0,"20":0,"21":0,"22":0,"23":0,"24":0,"25":0,"26":0,"27":0,"28":0,"29":0,"30":0,"31":0,"32":0,"33":0,"34":0,"35":0,"36":0,"37":0},"b":{"0":[0,0],"1":[0,0],"2":[56,61],"3":[0,0],"4":[0,0],"5":[0,0],"6":[0,0],"7":[0,0],"8":[0,0],"9":[0,0],"10":[0,0],"11":[0,0],"12":[0,0],"13":[0,0],"14":[0,0],"15":[0,0],"16":[0,0],"17":[0,0],"18":[0,0],"19":[0,0],"20":[0,0],"21":[0,0]},"inputSourceMap":null,"_coverageSchema":"1a1c01bbd47fc00a2c39e90264f33305004495a9","hash":"208f767aab3238110615d7daafb7217e017b307f"}
,"/Users/yafietkidane/PKD-p/lib/queue_array.js": {"path":"/Users/yafietkidane/PKD-p/lib/queue_array.js","statementMap":{"0":{"start":{"line":2,"column":0},"end":{"line":2,"column":62}},"1":{"start":{"line":3,"column":0},"end":{"line":3,"column":22}},"2":{"start":{"line":4,"column":0},"end":{"line":4,"column":28}},"3":{"start":{"line":5,"column":0},"end":{"line":5,"column":26}},"4":{"start":{"line":6,"column":0},"end":{"line":6,"column":20}},"5":{"start":{"line":7,"column":0},"end":{"line":7,"column":26}},"6":{"start":{"line":8,"column":0},"end":{"line":8,"column":38}},"7":{"start":{"line":15,"column":4},"end":{"line":15,"column":22}},"8":{"start":{"line":24,"column":4},"end":{"line":24,"column":25}},"9":{"start":{"line":34,"column":21},"end":{"line":34,"column":25}},"10":{"start":{"line":35,"column":4},"end":{"line":35,"column":25}},"11":{"start":{"line":36,"column":4},"end":{"line":36,"column":26}},"12":{"start":{"line":46,"column":21},"end":{"line":46,"column":25}},"13":{"start":{"line":47,"column":4},"end":{"line":47,"column":28}},"14":{"start":{"line":57,"column":21},"end":{"line":57,"column":25}},"15":{"start":{"line":58,"column":4},"end":{"line":58,"column":26}},"16":{"start":{"line":66,"column":4},"end":{"line":66,"column":40}}},"fnMap":{"0":{"name":"empty","decl":{"start":{"line":14,"column":9},"end":{"line":14,"column":14}},"loc":{"start":{"line":14,"column":17},"end":{"line":16,"column":1}},"line":14},"1":{"name":"is_empty","decl":{"start":{"line":23,"column":9},"end":{"line":23,"column":17}},"loc":{"start":{"line":23,"column":21},"end":{"line":25,"column":1}},"line":23},"2":{"name":"enqueue","decl":{"start":{"line":33,"column":9},"end":{"line":33,"column":16}},"loc":{"start":{"line":33,"column":23},"end":{"line":37,"column":1}},"line":33},"3":{"name":"head","decl":{"start":{"line":45,"column":9},"end":{"line":45,"column":13}},"loc":{"start":{"line":45,"column":17},"end":{"line":48,"column":1}},"line":45},"4":{"name":"dequeue","decl":{"start":{"line":56,"column":9},"end":{"line":56,"column":16}},"loc":{"start":{"line":56,"column":20},"end":{"line":59,"column":1}},"line":56},"5":{"name":"display_queue","decl":{"start":{"line":65,"column":9},"end":{"line":65,"column":22}},"loc":{"start":{"line":65,"column":26},"end":{"line":67,"column":1}},"line":65}},"branchMap":{},"s":{"0":1,"1":1,"2":1,"3":1,"4":1,"5":1,"6":1,"7":10,"8":0,"9":823,"10":823,"11":823,"12":65,"13":65,"14":65,"15":65,"16":0},"f":{"0":10,"1":0,"2":823,"3":65,"4":65,"5":0},"b":{},"inputSourceMap":null,"_coverageSchema":"1a1c01bbd47fc00a2c39e90264f33305004495a9","hash":"a19b85bab7bc08214f56a85e9f900d01b2aea87c"}
,"/Users/yafietkidane/PKD-p/lib/stack.js": {"path":"/Users/yafietkidane/PKD-p/lib/stack.js","statementMap":{"0":{"start":{"line":2,"column":0},"end":{"line":2,"column":62}},"1":{"start":{"line":3,"column":0},"end":{"line":3,"column":22}},"2":{"start":{"line":4,"column":0},"end":{"line":4,"column":28}},"3":{"start":{"line":5,"column":0},"end":{"line":5,"column":20}},"4":{"start":{"line":6,"column":0},"end":{"line":6,"column":18}},"5":{"start":{"line":7,"column":0},"end":{"line":7,"column":18}},"6":{"start":{"line":8,"column":0},"end":{"line":8,"column":38}},"7":{"start":{"line":9,"column":13},"end":{"line":9,"column":30}},"8":{"start":{"line":16,"column":4},"end":{"line":16,"column":16}},"9":{"start":{"line":25,"column":4},"end":{"line":25,"column":37}},"10":{"start":{"line":35,"column":4},"end":{"line":35,"column":37}},"11":{"start":{"line":44,"column":4},"end":{"line":44,"column":34}},"12":{"start":{"line":54,"column":4},"end":{"line":54,"column":34}},"13":{"start":{"line":63,"column":17},"end":{"line":63,"column":36}},"14":{"start":{"line":64,"column":8},"end":{"line":66,"column":53}},"15":{"start":{"line":68,"column":4},"end":{"line":73,"column":5}},"16":{"start":{"line":69,"column":8},"end":{"line":69,"column":31}},"17":{"start":{"line":72,"column":8},"end":{"line":72,"column":50}}},"fnMap":{"0":{"name":"empty","decl":{"start":{"line":15,"column":9},"end":{"line":15,"column":14}},"loc":{"start":{"line":15,"column":17},"end":{"line":17,"column":1}},"line":15},"1":{"name":"is_empty","decl":{"start":{"line":24,"column":9},"end":{"line":24,"column":17}},"loc":{"start":{"line":24,"column":24},"end":{"line":26,"column":1}},"line":24},"2":{"name":"push","decl":{"start":{"line":34,"column":9},"end":{"line":34,"column":13}},"loc":{"start":{"line":34,"column":23},"end":{"line":36,"column":1}},"line":34},"3":{"name":"top","decl":{"start":{"line":43,"column":9},"end":{"line":43,"column":12}},"loc":{"start":{"line":43,"column":19},"end":{"line":45,"column":1}},"line":43},"4":{"name":"pop","decl":{"start":{"line":53,"column":9},"end":{"line":53,"column":12}},"loc":{"start":{"line":53,"column":19},"end":{"line":55,"column":1}},"line":53},"5":{"name":"display_stack","decl":{"start":{"line":61,"column":9},"end":{"line":61,"column":22}},"loc":{"start":{"line":61,"column":29},"end":{"line":74,"column":1}},"line":61},"6":{"name":"print","decl":{"start":{"line":62,"column":13},"end":{"line":62,"column":18}},"loc":{"start":{"line":62,"column":22},"end":{"line":67,"column":5}},"line":62}},"branchMap":{"0":{"loc":{"start":{"line":64,"column":15},"end":{"line":66,"column":52}},"type":"cond-expr","locations":[{"start":{"line":65,"column":14},"end":{"line":65,"column":38}},{"start":{"line":66,"column":14},"end":{"line":66,"column":52}}],"line":64},"1":{"loc":{"start":{"line":68,"column":4},"end":{"line":73,"column":5}},"type":"if","locations":[{"start":{"line":68,"column":4},"end":{"line":73,"column":5}},{"start":{"line":71,"column":9},"end":{"line":73,"column":5}}],"line":68}},"s":{"0":1,"1":1,"2":1,"3":1,"4":1,"5":1,"6":1,"7":1,"8":4,"9":13,"10":13,"11":11,"12":10,"13":0,"14":0,"15":0,"16":0,"17":0},"f":{"0":4,"1":13,"2":13,"3":11,"4":10,"5":0,"6":0},"b":{"0":[0,0],"1":[0,0]},"inputSourceMap":null,"_coverageSchema":"1a1c01bbd47fc00a2c39e90264f33305004495a9","hash":"54937c3d71e033167349e6bed342bed0a628c0a1"}
,"/Users/yafietkidane/PKD-p/src/ai-logic.js": {"path":"/Users/yafietkidane/PKD-p/src/ai-logic.js","statementMap":{"0":{"start":{"line":2,"column":0},"end":{"line":2,"column":62}},"1":{"start":{"line":3,"column":0},"end":{"line":3,"column":40}},"2":{"start":{"line":4,"column":0},"end":{"line":4,"column":44}},"3":{"start":{"line":5,"column":0},"end":{"line":5,"column":50}},"4":{"start":{"line":6,"column":13},"end":{"line":6,"column":30}},"5":{"start":{"line":7,"column":13},"end":{"line":7,"column":35}},"6":{"start":{"line":25,"column":4},"end":{"line":25,"column":42}},"7":{"start":{"line":37,"column":20},"end":{"line":37,"column":39}},"8":{"start":{"line":38,"column":21},"end":{"line":38,"column":23}},"9":{"start":{"line":39,"column":19},"end":{"line":39,"column":20}},"10":{"start":{"line":41,"column":4},"end":{"line":48,"column":5}},"11":{"start":{"line":41,"column":17},"end":{"line":41,"column":18}},"12":{"start":{"line":42,"column":23},"end":{"line":42,"column":35}},"13":{"start":{"line":43,"column":8},"end":{"line":47,"column":9}},"14":{"start":{"line":44,"column":12},"end":{"line":44,"column":62}},"15":{"start":{"line":45,"column":12},"end":{"line":45,"column":50}},"16":{"start":{"line":46,"column":12},"end":{"line":46,"column":36}},"17":{"start":{"line":49,"column":4},"end":{"line":49,"column":22}},"18":{"start":{"line":58,"column":23},"end":{"line":58,"column":45}},"19":{"start":{"line":59,"column":19},"end":{"line":59,"column":40}},"20":{"start":{"line":60,"column":19},"end":{"line":60,"column":40}},"21":{"start":{"line":61,"column":30},"end":{"line":61,"column":32}},"22":{"start":{"line":62,"column":4},"end":{"line":70,"column":5}},"23":{"start":{"line":62,"column":17},"end":{"line":62,"column":18}},"24":{"start":{"line":63,"column":8},"end":{"line":69,"column":16}},"25":{"start":{"line":66,"column":12},"end":{"line":66,"column":53}},"26":{"start":{"line":67,"column":12},"end":{"line":67,"column":18}},"27":{"start":{"line":71,"column":4},"end":{"line":71,"column":31}}},"fnMap":{"0":{"name":"AI_tags_in_arr","decl":{"start":{"line":24,"column":9},"end":{"line":24,"column":23}},"loc":{"start":{"line":24,"column":30},"end":{"line":26,"column":1}},"line":24},"1":{"name":"hand_to_card_arr","decl":{"start":{"line":36,"column":9},"end":{"line":36,"column":25}},"loc":{"start":{"line":36,"column":32},"end":{"line":50,"column":1}},"line":36},"2":{"name":"AI_match_col_or_val","decl":{"start":{"line":57,"column":9},"end":{"line":57,"column":28}},"loc":{"start":{"line":57,"column":49},"end":{"line":72,"column":1}},"line":57}},"branchMap":{"0":{"loc":{"start":{"line":63,"column":8},"end":{"line":69,"column":16}},"type":"if","locations":[{"start":{"line":63,"column":8},"end":{"line":69,"column":16}},{"start":{"line":69,"column":13},"end":{"line":69,"column":16}}],"line":63},"1":{"loc":{"start":{"line":63,"column":12},"end":{"line":65,"column":65}},"type":"binary-expr","locations":[{"start":{"line":63,"column":12},"end":{"line":63,"column":67}},{"start":{"line":64,"column":12},"end":{"line":64,"column":67}},{"start":{"line":65,"column":12},"end":{"line":65,"column":65}}],"line":63}},"s":{"0":1,"1":1,"2":1,"3":1,"4":1,"5":1,"6":0,"7":3,"8":3,"9":3,"10":3,"11":3,"12":7,"13":7,"14":8,"15":8,"16":8,"17":3,"18":2,"19":2,"20":2,"21":2,"22":2,"23":2,"24":6,"25":1,"26":1,"27":2},"f":{"0":0,"1":3,"2":2},"b":{"0":[1,5],"1":[6,5,5]},"inputSourceMap":null,"_coverageSchema":"1a1c01bbd47fc00a2c39e90264f33305004495a9","hash":"8d13bb8af2ab5dda7919f3e0cfeb422070e58fd5"}
,"/Users/yafietkidane/PKD-p/src/deck.js": {"path":"/Users/yafietkidane/PKD-p/src/deck.js","statementMap":{"0":{"start":{"line":2,"column":0},"end":{"line":2,"column":62}},"1":{"start":{"line":3,"column":0},"end":{"line":3,"column":30}},"2":{"start":{"line":4,"column":0},"end":{"line":4,"column":34}},"3":{"start":{"line":5,"column":0},"end":{"line":5,"column":32}},"4":{"start":{"line":6,"column":0},"end":{"line":6,"column":40}},"5":{"start":{"line":7,"column":0},"end":{"line":7,"column":32}},"6":{"start":{"line":8,"column":0},"end":{"line":8,"column":26}},"7":{"start":{"line":9,"column":0},"end":{"line":9,"column":30}},"8":{"start":{"line":10,"column":20},"end":{"line":10,"column":49}},"9":{"start":{"line":11,"column":15},"end":{"line":11,"column":32}},"10":{"start":{"line":25,"column":4},"end":{"line":28,"column":6}},"11":{"start":{"line":32,"column":4},"end":{"line":34,"column":5}},"12":{"start":{"line":32,"column":17},"end":{"line":32,"column":18}},"13":{"start":{"line":33,"column":8},"end":{"line":33,"column":41}},"14":{"start":{"line":35,"column":4},"end":{"line":35,"column":13}},"15":{"start":{"line":45,"column":13},"end":{"line":45,"column":17}},"16":{"start":{"line":46,"column":15},"end":{"line":46,"column":21}},"17":{"start":{"line":47,"column":14},"end":{"line":47,"column":23}},"18":{"start":{"line":48,"column":4},"end":{"line":51,"column":5}},"19":{"start":{"line":48,"column":17},"end":{"line":48,"column":18}},"20":{"start":{"line":49,"column":19},"end":{"line":49,"column":36}},"21":{"start":{"line":50,"column":8},"end":{"line":50,"column":32}},"22":{"start":{"line":52,"column":18},"end":{"line":52,"column":36}},"23":{"start":{"line":53,"column":4},"end":{"line":53,"column":31}},"24":{"start":{"line":54,"column":20},"end":{"line":54,"column":40}},"25":{"start":{"line":55,"column":4},"end":{"line":55,"column":33}},"26":{"start":{"line":56,"column":19},"end":{"line":56,"column":38}},"27":{"start":{"line":57,"column":4},"end":{"line":57,"column":32}},"28":{"start":{"line":58,"column":4},"end":{"line":58,"column":53}},"29":{"start":{"line":59,"column":4},"end":{"line":59,"column":13}},"30":{"start":{"line":68,"column":14},"end":{"line":68,"column":20}},"31":{"start":{"line":69,"column":17},"end":{"line":69,"column":21}},"32":{"start":{"line":70,"column":19},"end":{"line":70,"column":30}},"33":{"start":{"line":71,"column":17},"end":{"line":71,"column":39}},"34":{"start":{"line":72,"column":22},"end":{"line":72,"column":46}},"35":{"start":{"line":73,"column":4},"end":{"line":73,"column":30}},"36":{"start":{"line":74,"column":4},"end":{"line":74,"column":35}},"37":{"start":{"line":75,"column":4},"end":{"line":75,"column":13}},"38":{"start":{"line":85,"column":4},"end":{"line":85,"column":49}},"39":{"start":{"line":89,"column":15},"end":{"line":89,"column":19}},"40":{"start":{"line":90,"column":4},"end":{"line":90,"column":16}},"41":{"start":{"line":91,"column":4},"end":{"line":91,"column":16}},"42":{"start":{"line":101,"column":16},"end":{"line":101,"column":20}},"43":{"start":{"line":102,"column":16},"end":{"line":102,"column":20}},"44":{"start":{"line":103,"column":14},"end":{"line":103,"column":22}},"45":{"start":{"line":104,"column":4},"end":{"line":107,"column":5}},"46":{"start":{"line":104,"column":17},"end":{"line":104,"column":20}},"47":{"start":{"line":105,"column":16},"end":{"line":105,"column":38}},"48":{"start":{"line":106,"column":8},"end":{"line":106,"column":26}},"49":{"start":{"line":108,"column":4},"end":{"line":108,"column":17}},"50":{"start":{"line":109,"column":4},"end":{"line":109,"column":13}},"51":{"start":{"line":118,"column":17},"end":{"line":118,"column":43}},"52":{"start":{"line":119,"column":4},"end":{"line":119,"column":30}},"53":{"start":{"line":120,"column":4},"end":{"line":120,"column":33}},"54":{"start":{"line":121,"column":4},"end":{"line":121,"column":32}},"55":{"start":{"line":122,"column":4},"end":{"line":122,"column":31}},"56":{"start":{"line":123,"column":4},"end":{"line":123,"column":27}},"57":{"start":{"line":124,"column":4},"end":{"line":124,"column":20}},"58":{"start":{"line":125,"column":4},"end":{"line":125,"column":18}}},"fnMap":{"0":{"name":"make_card","decl":{"start":{"line":24,"column":9},"end":{"line":24,"column":18}},"loc":{"start":{"line":24,"column":29},"end":{"line":29,"column":1}},"line":24},"1":{"name":"many_enques","decl":{"start":{"line":31,"column":9},"end":{"line":31,"column":20}},"loc":{"start":{"line":31,"column":30},"end":{"line":36,"column":1}},"line":31},"2":{"name":"make_color","decl":{"start":{"line":44,"column":9},"end":{"line":44,"column":19}},"loc":{"start":{"line":44,"column":28},"end":{"line":60,"column":1}},"line":44},"3":{"name":"make_wild_card","decl":{"start":{"line":67,"column":9},"end":{"line":67,"column":23}},"loc":{"start":{"line":67,"column":27},"end":{"line":76,"column":1}},"line":67},"4":{"name":"random_num","decl":{"start":{"line":83,"column":9},"end":{"line":83,"column":19}},"loc":{"start":{"line":83,"column":30},"end":{"line":86,"column":1}},"line":83},"5":{"name":"swap","decl":{"start":{"line":88,"column":9},"end":{"line":88,"column":13}},"loc":{"start":{"line":88,"column":23},"end":{"line":92,"column":1}},"line":88},"6":{"name":"shuffle","decl":{"start":{"line":100,"column":9},"end":{"line":100,"column":16}},"loc":{"start":{"line":100,"column":20},"end":{"line":110,"column":1}},"line":100},"7":{"name":"make_deck","decl":{"start":{"line":117,"column":9},"end":{"line":117,"column":18}},"loc":{"start":{"line":117,"column":21},"end":{"line":126,"column":1}},"line":117}},"branchMap":{},"s":{"0":1,"1":1,"2":1,"3":1,"4":1,"5":1,"6":1,"7":1,"8":1,"9":1,"10":443,"11":376,"12":376,"13":784,"14":376,"15":30,"16":30,"17":30,"18":30,"19":30,"20":270,"21":270,"22":30,"23":30,"24":30,"25":30,"26":30,"27":30,"28":30,"29":30,"30":8,"31":8,"32":8,"33":8,"34":8,"35":8,"36":8,"37":8,"38":890,"39":888,"40":888,"41":888,"42":9,"43":9,"44":9,"45":9,"46":9,"47":888,"48":888,"49":9,"50":9,"51":7,"52":7,"53":7,"54":7,"55":7,"56":7,"57":7,"58":7},"f":{"0":443,"1":376,"2":30,"3":8,"4":890,"5":888,"6":9,"7":7},"b":{},"inputSourceMap":null,"_coverageSchema":"1a1c01bbd47fc00a2c39e90264f33305004495a9","hash":"c9b3b89cac29fcc515901d946671232ab2436f27"}
,"/Users/yafietkidane/PKD-p/src/game.js": {"path":"/Users/yafietkidane/PKD-p/src/game.js","statementMap":{"0":{"start":{"line":2,"column":0},"end":{"line":2,"column":62}},"1":{"start":{"line":3,"column":0},"end":{"line":3,"column":54}},"2":{"start":{"line":4,"column":0},"end":{"line":4,"column":44}},"3":{"start":{"line":5,"column":0},"end":{"line":5,"column":32}},"4":{"start":{"line":6,"column":0},"end":{"line":6,"column":40}},"5":{"start":{"line":7,"column":0},"end":{"line":7,"column":36}},"6":{"start":{"line":8,"column":0},"end":{"line":8,"column":44}},"7":{"start":{"line":9,"column":0},"end":{"line":9,"column":38}},"8":{"start":{"line":10,"column":0},"end":{"line":10,"column":38}},"9":{"start":{"line":11,"column":0},"end":{"line":11,"column":34}},"10":{"start":{"line":12,"column":0},"end":{"line":12,"column":40}},"11":{"start":{"line":13,"column":0},"end":{"line":13,"column":50}},"12":{"start":{"line":14,"column":0},"end":{"line":14,"column":36}},"13":{"start":{"line":15,"column":0},"end":{"line":15,"column":38}},"14":{"start":{"line":16,"column":0},"end":{"line":16,"column":32}},"15":{"start":{"line":17,"column":0},"end":{"line":17,"column":40}},"16":{"start":{"line":18,"column":0},"end":{"line":18,"column":32}},"17":{"start":{"line":19,"column":0},"end":{"line":19,"column":48}},"18":{"start":{"line":20,"column":13},"end":{"line":20,"column":35}},"19":{"start":{"line":21,"column":20},"end":{"line":21,"column":49}},"20":{"start":{"line":22,"column":14},"end":{"line":22,"column":37}},"21":{"start":{"line":23,"column":13},"end":{"line":23,"column":30}},"22":{"start":{"line":24,"column":17},"end":{"line":24,"column":39}},"23":{"start":{"line":41,"column":19},"end":{"line":41,"column":27}},"24":{"start":{"line":42,"column":4},"end":{"line":52,"column":5}},"25":{"start":{"line":43,"column":8},"end":{"line":43,"column":58}},"26":{"start":{"line":44,"column":8},"end":{"line":47,"column":16}},"27":{"start":{"line":45,"column":12},"end":{"line":45,"column":34}},"28":{"start":{"line":48,"column":8},"end":{"line":48,"column":20}},"29":{"start":{"line":51,"column":8},"end":{"line":51,"column":21}},"30":{"start":{"line":62,"column":19},"end":{"line":62,"column":27}},"31":{"start":{"line":63,"column":4},"end":{"line":68,"column":5}},"32":{"start":{"line":64,"column":8},"end":{"line":64,"column":48}},"33":{"start":{"line":67,"column":8},"end":{"line":67,"column":64}},"34":{"start":{"line":83,"column":26},"end":{"line":83,"column":32}},"35":{"start":{"line":84,"column":25},"end":{"line":84,"column":31}},"36":{"start":{"line":85,"column":24},"end":{"line":85,"column":56}},"37":{"start":{"line":86,"column":4},"end":{"line":96,"column":5}},"38":{"start":{"line":87,"column":8},"end":{"line":91,"column":9}},"39":{"start":{"line":87,"column":21},"end":{"line":87,"column":22}},"40":{"start":{"line":88,"column":30},"end":{"line":88,"column":58}},"41":{"start":{"line":89,"column":12},"end":{"line":89,"column":48}},"42":{"start":{"line":90,"column":12},"end":{"line":90,"column":44}},"43":{"start":{"line":92,"column":8},"end":{"line":92,"column":20}},"44":{"start":{"line":95,"column":8},"end":{"line":95,"column":21}},"45":{"start":{"line":109,"column":23},"end":{"line":109,"column":57}},"46":{"start":{"line":110,"column":4},"end":{"line":110,"column":24}},"47":{"start":{"line":123,"column":4},"end":{"line":128,"column":5}},"48":{"start":{"line":124,"column":8},"end":{"line":124,"column":36}},"49":{"start":{"line":127,"column":8},"end":{"line":127,"column":21}},"50":{"start":{"line":144,"column":24},"end":{"line":144,"column":36}},"51":{"start":{"line":145,"column":4},"end":{"line":153,"column":5}},"52":{"start":{"line":146,"column":8},"end":{"line":146,"column":41}},"53":{"start":{"line":148,"column":9},"end":{"line":153,"column":5}},"54":{"start":{"line":149,"column":8},"end":{"line":149,"column":41}},"55":{"start":{"line":152,"column":8},"end":{"line":152,"column":21}},"56":{"start":{"line":157,"column":4},"end":{"line":157,"column":25}},"57":{"start":{"line":161,"column":4},"end":{"line":161,"column":25}},"58":{"start":{"line":165,"column":4},"end":{"line":165,"column":20}},"59":{"start":{"line":176,"column":15},"end":{"line":176,"column":32}},"60":{"start":{"line":177,"column":18},"end":{"line":177,"column":29}},"61":{"start":{"line":178,"column":16},"end":{"line":178,"column":17}},"62":{"start":{"line":179,"column":4},"end":{"line":181,"column":5}},"63":{"start":{"line":179,"column":17},"end":{"line":179,"column":18}},"64":{"start":{"line":180,"column":8},"end":{"line":180,"column":58}},"65":{"start":{"line":182,"column":4},"end":{"line":182,"column":17}},"66":{"start":{"line":191,"column":22},"end":{"line":191,"column":42}},"67":{"start":{"line":192,"column":4},"end":{"line":204,"column":5}},"68":{"start":{"line":193,"column":8},"end":{"line":193,"column":27}},"69":{"start":{"line":196,"column":8},"end":{"line":196,"column":82}},"70":{"start":{"line":197,"column":24},"end":{"line":197,"column":51}},"71":{"start":{"line":198,"column":8},"end":{"line":201,"column":9}},"72":{"start":{"line":199,"column":12},"end":{"line":199,"column":79}},"73":{"start":{"line":200,"column":12},"end":{"line":200,"column":52}},"74":{"start":{"line":202,"column":8},"end":{"line":202,"column":39}},"75":{"start":{"line":203,"column":8},"end":{"line":203,"column":27}},"76":{"start":{"line":219,"column":23},"end":{"line":219,"column":40}},"77":{"start":{"line":220,"column":21},"end":{"line":220,"column":23}},"78":{"start":{"line":221,"column":24},"end":{"line":221,"column":25}},"79":{"start":{"line":222,"column":4},"end":{"line":229,"column":5}},"80":{"start":{"line":222,"column":17},"end":{"line":222,"column":18}},"81":{"start":{"line":223,"column":26},"end":{"line":223,"column":41}},"82":{"start":{"line":224,"column":27},"end":{"line":224,"column":68}},"83":{"start":{"line":225,"column":8},"end":{"line":228,"column":9}},"84":{"start":{"line":225,"column":21},"end":{"line":225,"column":22}},"85":{"start":{"line":226,"column":12},"end":{"line":226,"column":52}},"86":{"start":{"line":227,"column":12},"end":{"line":227,"column":46}},"87":{"start":{"line":230,"column":4},"end":{"line":230,"column":22}},"88":{"start":{"line":238,"column":4},"end":{"line":240,"column":16}},"89":{"start":{"line":248,"column":4},"end":{"line":250,"column":16}},"90":{"start":{"line":254,"column":4},"end":{"line":256,"column":22}},"91":{"start":{"line":268,"column":23},"end":{"line":268,"column":65}},"92":{"start":{"line":269,"column":23},"end":{"line":269,"column":97}},"93":{"start":{"line":270,"column":22},"end":{"line":270,"column":40}},"94":{"start":{"line":271,"column":4},"end":{"line":274,"column":12}},"95":{"start":{"line":272,"column":8},"end":{"line":272,"column":21}},"96":{"start":{"line":275,"column":14},"end":{"line":275,"column":28}},"97":{"start":{"line":276,"column":14},"end":{"line":276,"column":46}},"98":{"start":{"line":277,"column":4},"end":{"line":277,"column":68}},"99":{"start":{"line":284,"column":17},"end":{"line":284,"column":29}},"100":{"start":{"line":285,"column":4},"end":{"line":285,"column":88}},"101":{"start":{"line":286,"column":4},"end":{"line":297,"column":5}},"102":{"start":{"line":287,"column":31},"end":{"line":287,"column":49}},"103":{"start":{"line":288,"column":8},"end":{"line":296,"column":9}},"104":{"start":{"line":289,"column":12},"end":{"line":289,"column":24}},"105":{"start":{"line":291,"column":13},"end":{"line":296,"column":9}},"106":{"start":{"line":292,"column":12},"end":{"line":292,"column":25}},"107":{"start":{"line":295,"column":12},"end":{"line":295,"column":52}},"108":{"start":{"line":307,"column":4},"end":{"line":324,"column":5}},"109":{"start":{"line":308,"column":8},"end":{"line":323,"column":9}},"110":{"start":{"line":309,"column":12},"end":{"line":309,"column":47}},"111":{"start":{"line":310,"column":12},"end":{"line":314,"column":20}},"112":{"start":{"line":311,"column":16},"end":{"line":311,"column":84}},"113":{"start":{"line":317,"column":29},"end":{"line":317,"column":58}},"114":{"start":{"line":318,"column":12},"end":{"line":318,"column":45}},"115":{"start":{"line":319,"column":12},"end":{"line":319,"column":48}},"116":{"start":{"line":320,"column":12},"end":{"line":322,"column":13}},"117":{"start":{"line":321,"column":16},"end":{"line":321,"column":26}},"118":{"start":{"line":333,"column":4},"end":{"line":333,"column":47}},"119":{"start":{"line":334,"column":4},"end":{"line":334,"column":43}},"120":{"start":{"line":336,"column":12},"end":{"line":339,"column":1}},"121":{"start":{"line":340,"column":10},"end":{"line":340,"column":33}},"122":{"start":{"line":341,"column":0},"end":{"line":341,"column":63}},"123":{"start":{"line":342,"column":0},"end":{"line":342,"column":31}},"124":{"start":{"line":343,"column":0},"end":{"line":343,"column":31}},"125":{"start":{"line":344,"column":0},"end":{"line":344,"column":64}},"126":{"start":{"line":345,"column":0},"end":{"line":345,"column":44}},"127":{"start":{"line":346,"column":0},"end":{"line":346,"column":52}},"128":{"start":{"line":347,"column":0},"end":{"line":347,"column":40}},"129":{"start":{"line":348,"column":0},"end":{"line":348,"column":45}}},"fnMap":{"0":{"name":"delete_card_from_hand","decl":{"start":{"line":40,"column":9},"end":{"line":40,"column":30}},"loc":{"start":{"line":40,"column":43},"end":{"line":53,"column":1}},"line":40},"1":{"name":"add_card_to_hand","decl":{"start":{"line":61,"column":9},"end":{"line":61,"column":25}},"loc":{"start":{"line":61,"column":38},"end":{"line":69,"column":1}},"line":61},"2":{"name":"dist_cards","decl":{"start":{"line":82,"column":9},"end":{"line":82,"column":19}},"loc":{"start":{"line":82,"column":34},"end":{"line":97,"column":1}},"line":82},"3":{"name":"add_card_to_gp","decl":{"start":{"line":108,"column":9},"end":{"line":108,"column":23}},"loc":{"start":{"line":108,"column":41},"end":{"line":111,"column":1}},"line":108},"4":{"name":"current_card","decl":{"start":{"line":122,"column":9},"end":{"line":122,"column":21}},"loc":{"start":{"line":122,"column":26},"end":{"line":129,"column":1}},"line":122},"5":{"name":"draw_plus_2_or_4","decl":{"start":{"line":143,"column":9},"end":{"line":143,"column":25}},"loc":{"start":{"line":143,"column":43},"end":{"line":154,"column":1}},"line":143},"6":{"name":"value_of_card","decl":{"start":{"line":156,"column":9},"end":{"line":156,"column":22}},"loc":{"start":{"line":156,"column":29},"end":{"line":158,"column":1}},"line":156},"7":{"name":"color_of_card","decl":{"start":{"line":160,"column":9},"end":{"line":160,"column":22}},"loc":{"start":{"line":160,"column":29},"end":{"line":162,"column":1}},"line":160},"8":{"name":"tag_of_card","decl":{"start":{"line":164,"column":9},"end":{"line":164,"column":20}},"loc":{"start":{"line":164,"column":27},"end":{"line":166,"column":1}},"line":164},"9":{"name":"length_of_hand","decl":{"start":{"line":175,"column":9},"end":{"line":175,"column":23}},"loc":{"start":{"line":175,"column":30},"end":{"line":183,"column":1}},"line":175},"10":{"name":"refill_deck_from_gp","decl":{"start":{"line":190,"column":9},"end":{"line":190,"column":28}},"loc":{"start":{"line":190,"column":51},"end":{"line":205,"column":1}},"line":190},"11":{"name":"display_hand","decl":{"start":{"line":218,"column":9},"end":{"line":218,"column":21}},"loc":{"start":{"line":218,"column":28},"end":{"line":231,"column":1}},"line":218},"12":{"name":"check_for_uno","decl":{"start":{"line":237,"column":9},"end":{"line":237,"column":22}},"loc":{"start":{"line":237,"column":29},"end":{"line":241,"column":1}},"line":237},"13":{"name":"is_winning","decl":{"start":{"line":247,"column":9},"end":{"line":247,"column":19}},"loc":{"start":{"line":247,"column":26},"end":{"line":251,"column":1}},"line":247},"14":{"name":"num_or_draw_card","decl":{"start":{"line":253,"column":9},"end":{"line":253,"column":25}},"loc":{"start":{"line":253,"column":31},"end":{"line":257,"column":1}},"line":253},"15":{"name":"is_valid_input","decl":{"start":{"line":267,"column":9},"end":{"line":267,"column":23}},"loc":{"start":{"line":267,"column":31},"end":{"line":278,"column":1}},"line":267},"16":{"name":"welcome_screen","decl":{"start":{"line":283,"column":9},"end":{"line":283,"column":23}},"loc":{"start":{"line":283,"column":26},"end":{"line":298,"column":1}},"line":283},"17":{"name":"start_card","decl":{"start":{"line":306,"column":9},"end":{"line":306,"column":19}},"loc":{"start":{"line":306,"column":30},"end":{"line":325,"column":1}},"line":306},"18":{"name":"start_of_game_dist","decl":{"start":{"line":332,"column":9},"end":{"line":332,"column":27}},"loc":{"start":{"line":332,"column":45},"end":{"line":335,"column":1}},"line":332}},"branchMap":{"0":{"loc":{"start":{"line":42,"column":4},"end":{"line":52,"column":5}},"type":"if","locations":[{"start":{"line":42,"column":4},"end":{"line":52,"column":5}},{"start":{"line":50,"column":9},"end":{"line":52,"column":5}}],"line":42},"1":{"loc":{"start":{"line":42,"column":8},"end":{"line":42,"column":62}},"type":"binary-expr","locations":[{"start":{"line":42,"column":8},"end":{"line":42,"column":22}},{"start":{"line":42,"column":26},"end":{"line":42,"column":62}}],"line":42},"2":{"loc":{"start":{"line":44,"column":8},"end":{"line":47,"column":16}},"type":"if","locations":[{"start":{"line":44,"column":8},"end":{"line":47,"column":16}},{"start":{"line":47,"column":13},"end":{"line":47,"column":16}}],"line":44},"3":{"loc":{"start":{"line":63,"column":4},"end":{"line":68,"column":5}},"type":"if","locations":[{"start":{"line":63,"column":4},"end":{"line":68,"column":5}},{"start":{"line":66,"column":9},"end":{"line":68,"column":5}}],"line":63},"4":{"loc":{"start":{"line":86,"column":4},"end":{"line":96,"column":5}},"type":"if","locations":[{"start":{"line":86,"column":4},"end":{"line":96,"column":5}},{"start":{"line":94,"column":9},"end":{"line":96,"column":5}}],"line":86},"5":{"loc":{"start":{"line":123,"column":4},"end":{"line":128,"column":5}},"type":"if","locations":[{"start":{"line":123,"column":4},"end":{"line":128,"column":5}},{"start":{"line":126,"column":9},"end":{"line":128,"column":5}}],"line":123},"6":{"loc":{"start":{"line":145,"column":4},"end":{"line":153,"column":5}},"type":"if","locations":[{"start":{"line":145,"column":4},"end":{"line":153,"column":5}},{"start":{"line":148,"column":9},"end":{"line":153,"column":5}}],"line":145},"7":{"loc":{"start":{"line":148,"column":9},"end":{"line":153,"column":5}},"type":"if","locations":[{"start":{"line":148,"column":9},"end":{"line":153,"column":5}},{"start":{"line":151,"column":9},"end":{"line":153,"column":5}}],"line":148},"8":{"loc":{"start":{"line":192,"column":4},"end":{"line":204,"column":5}},"type":"if","locations":[{"start":{"line":192,"column":4},"end":{"line":204,"column":5}},{"start":{"line":195,"column":9},"end":{"line":204,"column":5}}],"line":192},"9":{"loc":{"start":{"line":238,"column":11},"end":{"line":240,"column":15}},"type":"cond-expr","locations":[{"start":{"line":239,"column":10},"end":{"line":239,"column":14}},{"start":{"line":240,"column":10},"end":{"line":240,"column":15}}],"line":238},"10":{"loc":{"start":{"line":248,"column":11},"end":{"line":250,"column":15}},"type":"cond-expr","locations":[{"start":{"line":249,"column":10},"end":{"line":249,"column":14}},{"start":{"line":250,"column":10},"end":{"line":250,"column":15}}],"line":248},"11":{"loc":{"start":{"line":254,"column":11},"end":{"line":256,"column":21}},"type":"cond-expr","locations":[{"start":{"line":255,"column":10},"end":{"line":255,"column":13}},{"start":{"line":256,"column":10},"end":{"line":256,"column":21}}],"line":254},"12":{"loc":{"start":{"line":271,"column":4},"end":{"line":274,"column":12}},"type":"if","locations":[{"start":{"line":271,"column":4},"end":{"line":274,"column":12}},{"start":{"line":274,"column":9},"end":{"line":274,"column":12}}],"line":271},"13":{"loc":{"start":{"line":277,"column":11},"end":{"line":277,"column":67}},"type":"binary-expr","locations":[{"start":{"line":277,"column":11},"end":{"line":277,"column":37}},{"start":{"line":277,"column":41},"end":{"line":277,"column":67}}],"line":277},"14":{"loc":{"start":{"line":288,"column":8},"end":{"line":296,"column":9}},"type":"if","locations":[{"start":{"line":288,"column":8},"end":{"line":296,"column":9}},{"start":{"line":291,"column":13},"end":{"line":296,"column":9}}],"line":288},"15":{"loc":{"start":{"line":291,"column":13},"end":{"line":296,"column":9}},"type":"if","locations":[{"start":{"line":291,"column":13},"end":{"line":296,"column":9}},{"start":{"line":294,"column":13},"end":{"line":296,"column":9}}],"line":291},"16":{"loc":{"start":{"line":308,"column":8},"end":{"line":323,"column":9}},"type":"if","locations":[{"start":{"line":308,"column":8},"end":{"line":323,"column":9}},{"start":{"line":316,"column":13},"end":{"line":323,"column":9}}],"line":308},"17":{"loc":{"start":{"line":310,"column":12},"end":{"line":314,"column":20}},"type":"if","locations":[{"start":{"line":310,"column":12},"end":{"line":314,"column":20}},{"start":{"line":314,"column":17},"end":{"line":314,"column":20}}],"line":310},"18":{"loc":{"start":{"line":320,"column":12},"end":{"line":322,"column":13}},"type":"if","locations":[{"start":{"line":320,"column":12},"end":{"line":322,"column":13}},{"start":{},"end":{}}],"line":320}},"s":{"0":1,"1":1,"2":1,"3":1,"4":1,"5":1,"6":1,"7":1,"8":1,"9":1,"10":1,"11":1,"12":1,"13":1,"14":1,"15":1,"16":1,"17":1,"18":1,"19":1,"20":1,"21":1,"22":1,"23":3,"24":3,"25":2,"26":2,"27":1,"28":2,"29":1,"30":79,"31":79,"32":73,"33":6,"34":9,"35":9,"36":9,"37":9,"38":9,"39":9,"40":55,"41":55,"42":55,"43":9,"44":0,"45":12,"46":12,"47":2,"48":1,"49":1,"50":2,"51":2,"52":1,"53":1,"54":1,"55":0,"56":5,"57":11,"58":0,"59":8,"60":8,"61":8,"62":8,"63":8,"64":36,"65":8,"66":1,"67":1,"68":0,"69":1,"70":1,"71":1,"72":9,"73":9,"74":1,"75":1,"76":3,"77":3,"78":3,"79":3,"80":3,"81":18,"82":18,"83":18,"84":18,"85":22,"86":22,"87":3,"88":1,"89":0,"90":0,"91":0,"92":0,"93":0,"94":0,"95":0,"96":0,"97":0,"98":0,"99":0,"100":0,"101":0,"102":0,"103":0,"104":0,"105":0,"106":0,"107":0,"108":0,"109":0,"110":0,"111":0,"112":0,"113":0,"114":0,"115":0,"116":0,"117":0,"118":3,"119":3,"120":1,"121":1,"122":1,"123":1,"124":1,"125":1,"126":1,"127":1,"128":1,"129":1},"f":{"0":3,"1":79,"2":9,"3":12,"4":2,"5":2,"6":5,"7":11,"8":0,"9":8,"10":1,"11":3,"12":1,"13":0,"14":0,"15":0,"16":0,"17":0,"18":3},"b":{"0":[2,1],"1":[3,2],"2":[1,1],"3":[73,6],"4":[9,0],"5":[1,1],"6":[1,1],"7":[1,0],"8":[0,1],"9":[1,0],"10":[0,0],"11":[0,0],"12":[0,0],"13":[0,0],"14":[0,0],"15":[0,0],"16":[0,0],"17":[0,0],"18":[0,0]},"inputSourceMap":null,"_coverageSchema":"1a1c01bbd47fc00a2c39e90264f33305004495a9","hash":"b8403c9303038e74c87986029fca03c5aed17fdd"}
}
