TN:
SF:lib/list.js
FN:34,pair
FN:42,head
FN:50,tail
FN:58,is_null
FN:68,list
FN:85,empty_list
FN:94,to_string
FN:95,print
FN:115,length
FN:116,$length
FN:130,map
FN:131,$map
FN:146,build_list
FN:147,$build_list
FN:162,for_each
FN:175,reverse
FN:176,$reverse
FN:192,append
FN:193,$append
FN:196,(anonymous_19)
FN:198,(anonymous_20)
FN:209,member
FN:224,remove
FN:225,$remove
FN:245,remove_all
FN:246,$remove_all
FN:267,filter
FN:268,$filter
FN:284,all
FN:294,enum_list
FN:295,$enum_list
FN:313,list_ref
FN:333,accumulate
FN:334,$accumulate
FN:337,(anonymous_34)
FN:339,(anonymous_35)
FN:354,fold_left
FN:365,flatten
FNF:38
FNH:7
FNDA:80,pair
FNDA:30,head
FNDA:86,tail
FNDA:161,is_null
FNDA:60,list
FNDA:0,empty_list
FNDA:0,to_string
FNDA:0,print
FNDA:52,length
FNDA:107,$length
FNDA:0,map
FNDA:0,$map
FNDA:0,build_list
FNDA:0,$build_list
FNDA:0,for_each
FNDA:0,reverse
FNDA:0,$reverse
FNDA:0,append
FNDA:0,$append
FNDA:0,(anonymous_19)
FNDA:0,(anonymous_20)
FNDA:0,member
FNDA:0,remove
FNDA:0,$remove
FNDA:0,remove_all
FNDA:0,$remove_all
FNDA:0,filter
FNDA:0,$filter
FNDA:0,all
FNDA:0,enum_list
FNDA:0,$enum_list
FNDA:0,list_ref
FNDA:0,accumulate
FNDA:0,$accumulate
FNDA:0,(anonymous_34)
FNDA:0,(anonymous_35)
FNDA:0,fold_left
FNDA:0,flatten
DA:3,1
DA:4,1
DA:5,1
DA:6,1
DA:7,1
DA:8,1
DA:9,1
DA:10,1
DA:11,1
DA:12,1
DA:13,1
DA:14,1
DA:15,1
DA:16,1
DA:17,1
DA:18,1
DA:19,1
DA:20,1
DA:21,1
DA:22,1
DA:23,1
DA:24,1
DA:25,1
DA:35,80
DA:43,30
DA:51,86
DA:59,161
DA:69,60
DA:70,60
DA:71,62
DA:73,60
DA:74,60
DA:75,62
DA:77,60
DA:86,0
DA:96,0
DA:97,0
DA:101,0
DA:102,0
DA:105,0
DA:117,107
DA:119,52
DA:132,0
DA:136,0
DA:148,0
DA:152,0
DA:163,0
DA:164,0
DA:165,0
DA:177,0
DA:181,0
DA:194,0
DA:196,0
DA:198,0
DA:210,0
DA:227,0
DA:228,0
DA:229,0
DA:235,0
DA:248,0
DA:249,0
DA:250,0
DA:256,0
DA:269,0
DA:275,0
DA:285,0
DA:297,0
DA:298,0
DA:302,0
DA:314,0
DA:335,0
DA:337,0
DA:339,0
DA:355,0
DA:366,0
LF:75
LH:36
BRDA:97,0,0,0
BRDA:97,0,1,0
BRDA:101,1,0,0
BRDA:101,1,1,0
BRDA:117,2,0,52
BRDA:117,2,1,55
BRDA:132,3,0,0
BRDA:132,3,1,0
BRDA:148,4,0,0
BRDA:148,4,1,0
BRDA:177,5,0,0
BRDA:177,5,1,0
BRDA:194,6,0,0
BRDA:194,6,1,0
BRDA:210,7,0,0
BRDA:210,7,1,0
BRDA:212,8,0,0
BRDA:212,8,1,0
BRDA:229,9,0,0
BRDA:229,9,1,0
BRDA:231,10,0,0
BRDA:231,10,1,0
BRDA:250,11,0,0
BRDA:250,11,1,0
BRDA:252,12,0,0
BRDA:252,12,1,0
BRDA:269,13,0,0
BRDA:269,13,1,0
BRDA:271,14,0,0
BRDA:271,14,1,0
BRDA:285,15,0,0
BRDA:285,15,1,0
BRDA:285,16,0,0
BRDA:285,16,1,0
BRDA:298,17,0,0
BRDA:298,17,1,0
BRDA:314,18,0,0
BRDA:314,18,1,0
BRDA:316,19,0,0
BRDA:316,19,1,0
BRDA:335,20,0,0
BRDA:335,20,1,0
BRDA:355,21,0,0
BRDA:355,21,1,0
BRF:44
BRH:2
end_of_record
TN:
SF:lib/queue_array.js
FN:14,empty
FN:23,is_empty
FN:33,enqueue
FN:45,head
FN:56,dequeue
FN:65,display_queue
FNF:6
FNH:5
FNDA:10,empty
FNDA:1,is_empty
FNDA:823,enqueue
FNDA:38,head
FNDA:38,dequeue
FNDA:0,display_queue
DA:2,1
DA:3,1
DA:4,1
DA:5,1
DA:6,1
DA:7,1
DA:8,1
DA:15,10
DA:24,1
DA:34,823
DA:35,823
DA:36,823
DA:46,38
DA:47,38
DA:57,38
DA:58,38
DA:66,0
LF:17
LH:16
BRF:0
BRH:0
end_of_record
TN:
SF:lib/stack.js
FN:15,empty
FN:24,is_empty
FN:34,push
FN:43,top
FN:53,pop
FN:61,display_stack
FN:62,print
FNF:7
FNH:5
FNDA:4,empty
FNDA:13,is_empty
FNDA:14,push
FNDA:12,top
FNDA:10,pop
FNDA:0,display_stack
FNDA:0,print
DA:2,1
DA:3,1
DA:4,1
DA:5,1
DA:6,1
DA:7,1
DA:8,1
DA:9,1
DA:16,4
DA:25,13
DA:35,14
DA:44,12
DA:54,10
DA:63,0
DA:64,0
DA:68,0
DA:69,0
DA:72,0
LF:18
LH:13
BRDA:64,0,0,0
BRDA:64,0,1,0
BRDA:68,1,0,0
BRDA:68,1,1,0
BRF:4
BRH:0
end_of_record
TN:
SF:src/ai-logic.js
FN:14,AI_tags_in_arr
FN:27,hand_to_card_arr
FN:49,AI_match_col_or_val
FN:62,can_ai_match
FN:74,ai_picked_card
FN:92,ai_make_play
FNF:6
FNH:5
FNDA:1,AI_tags_in_arr
FNDA:8,hand_to_card_arr
FNDA:7,AI_match_col_or_val
FNDA:4,can_ai_match
FNDA:1,ai_picked_card
FNDA:0,ai_make_play
DA:2,1
DA:3,1
DA:4,1
DA:5,1
DA:6,1
DA:7,1
DA:8,1
DA:9,1
DA:10,1
DA:11,1
DA:15,1
DA:28,8
DA:29,8
DA:30,8
DA:31,8
DA:32,17
DA:33,17
DA:34,18
DA:35,18
DA:36,18
DA:39,8
DA:50,7
DA:51,7
DA:52,7
DA:53,16
DA:54,5
DA:55,5
DA:59,7
DA:63,4
DA:64,4
DA:75,1
DA:76,1
DA:77,1
DA:80,0
DA:93,0
DA:94,0
DA:95,0
DA:96,0
DA:97,0
DA:98,0
DA:99,0
DA:100,0
DA:101,0
DA:102,0
DA:103,0
DA:105,0
DA:106,0
DA:107,0
DA:108,0
DA:109,0
DA:110,0
DA:112,0
DA:113,0
DA:114,0
DA:115,0
DA:116,0
DA:118,0
DA:120,0
DA:121,0
DA:122,0
DA:124,0
DA:125,0
DA:126,0
DA:127,0
LF:64
LH:33
BRDA:53,0,0,5
BRDA:53,0,1,11
BRDA:76,1,0,1
BRDA:76,1,1,0
BRDA:96,2,0,0
BRDA:96,2,1,0
BRDA:96,3,0,0
BRDA:96,3,1,0
BRDA:105,4,0,0
BRDA:105,4,1,0
BRDA:105,5,0,0
BRDA:105,5,1,0
BRDA:112,6,0,0
BRDA:112,6,1,0
BRDA:112,7,0,0
BRDA:112,7,1,0
BRDA:118,8,0,0
BRDA:118,8,1,0
BRDA:118,9,0,0
BRDA:118,9,1,0
BRDA:118,9,2,0
BRDA:124,10,0,0
BRDA:124,10,1,0
BRF:23
BRH:3
end_of_record
TN:
SF:src/deck.js
FN:25,make_card
FN:32,many_enques
FN:48,make_color
FN:71,make_wild_card
FN:87,random_num
FN:91,swap
FN:103,shuffle
FN:119,make_deck
FN:136,draw_card_from_deck
FNF:9
FNH:9
FNDA:460,make_card
FNDA:376,many_enques
FNDA:30,make_color
FNDA:8,make_wild_card
FNDA:890,random_num
FNDA:888,swap
FNDA:9,shuffle
FNDA:7,make_deck
FNDA:1,draw_card_from_deck
DA:2,1
DA:3,1
DA:4,1
DA:5,1
DA:6,1
DA:7,1
DA:8,1
DA:9,1
DA:10,1
DA:11,1
DA:12,1
DA:26,460
DA:33,376
DA:34,784
DA:36,376
DA:49,30
DA:50,30
DA:51,30
DA:52,30
DA:53,270
DA:54,270
DA:56,30
DA:57,30
DA:58,30
DA:59,30
DA:60,30
DA:61,30
DA:62,30
DA:63,30
DA:72,8
DA:73,8
DA:74,8
DA:75,8
DA:76,8
DA:77,8
DA:78,8
DA:79,8
DA:88,890
DA:92,888
DA:93,888
DA:94,888
DA:104,9
DA:105,9
DA:106,9
DA:107,9
DA:108,888
DA:109,888
DA:111,9
DA:120,7
DA:121,7
DA:122,7
DA:123,7
DA:124,7
DA:125,7
DA:126,7
DA:127,7
DA:137,1
DA:138,1
DA:139,1
LF:59
LH:59
BRF:0
BRH:0
end_of_record
TN:
SF:src/game-comp.js
FN:42,display_hand
FN:63,is_card_in_hand
FN:74,matches_card_or_wild
FN:94,delete_card_from_hand
FN:116,get_card_from_hand
FN:130,add_card_to_hand
FN:147,dist_cards
FN:173,add_card_to_gp
FN:187,current_top_card
FN:196,make_gp
FN:213,draw_plus_2_or_4
FN:226,value_of_card
FN:230,color_of_card
FN:242,length_of_hand
FN:253,refill_deck_from_gp
FN:275,check_for_uno
FN:284,is_winning
FN:288,is_val_num_or_str
FN:303,is_valid_input
FN:322,start_of_game_dist
FN:334,game_conditional
FN:346,starting_game_pile
FNF:22
FNH:19
FNDA:13,display_hand
FNDA:0,is_card_in_hand
FNDA:16,matches_card_or_wild
FNDA:4,delete_card_from_hand
FNDA:0,get_card_from_hand
FNDA:59,add_card_to_hand
FNDA:5,dist_cards
FNDA:13,add_card_to_gp
FNDA:2,current_top_card
FNDA:2,make_gp
FNDA:2,draw_plus_2_or_4
FNDA:32,value_of_card
FNDA:45,color_of_card
FNDA:9,length_of_hand
FNDA:1,refill_deck_from_gp
FNDA:1,check_for_uno
FNDA:1,is_winning
FNDA:4,is_val_num_or_str
FNDA:5,is_valid_input
FNDA:1,start_of_game_dist
FNDA:0,game_conditional
FNDA:1,starting_game_pile
DA:2,1
DA:3,1
DA:4,1
DA:5,1
DA:6,1
DA:7,1
DA:8,1
DA:9,1
DA:10,1
DA:11,1
DA:12,1
DA:13,1
DA:14,1
DA:15,1
DA:16,1
DA:17,1
DA:18,1
DA:19,1
DA:20,1
DA:21,1
DA:22,1
DA:23,1
DA:24,1
DA:25,1
DA:26,1
DA:27,1
DA:28,1
DA:43,13
DA:44,13
DA:45,13
DA:46,13
DA:47,50
DA:48,50
DA:49,50
DA:50,52
DA:51,52
DA:54,13
DA:64,0
DA:75,16
DA:95,4
DA:96,4
DA:97,3
DA:98,3
DA:99,2
DA:102,3
DA:105,1
DA:117,0
DA:118,0
DA:121,0
DA:131,59
DA:132,59
DA:133,55
DA:136,4
DA:148,5
DA:149,5
DA:150,5
DA:151,5
DA:152,5
DA:153,27
DA:154,27
DA:155,27
DA:157,5
DA:160,0
DA:174,13
DA:175,13
DA:188,2
DA:189,2
DA:192,0
DA:197,2
DA:214,2
DA:215,2
DA:216,1
DA:218,1
DA:219,1
DA:222,0
DA:227,32
DA:231,45
DA:243,9
DA:254,1
DA:255,1
DA:256,0
DA:259,1
DA:260,1
DA:261,1
DA:262,9
DA:263,9
DA:265,1
DA:266,1
DA:276,1
DA:285,1
DA:289,4
DA:304,5
DA:305,5
DA:306,5
DA:307,5
DA:308,1
DA:311,4
DA:312,4
DA:313,4
DA:323,1
DA:324,1
DA:335,0
DA:347,1
DA:348,1
DA:349,0
DA:350,0
DA:351,0
DA:357,1
DA:358,1
DA:359,1
DA:360,1
DA:366,1
LF:112
LH:100
BRDA:75,0,0,16
BRDA:75,0,1,14
BRDA:75,0,2,11
BRDA:96,1,0,3
BRDA:96,1,1,1
BRDA:96,2,0,4
BRDA:96,2,1,3
BRDA:98,3,0,2
BRDA:98,3,1,1
BRDA:117,4,0,0
BRDA:117,4,1,0
BRDA:132,5,0,55
BRDA:132,5,1,4
BRDA:151,6,0,5
BRDA:151,6,1,0
BRDA:188,7,0,2
BRDA:188,7,1,0
BRDA:215,8,0,1
BRDA:215,8,1,1
BRDA:218,9,0,1
BRDA:218,9,1,0
BRDA:255,10,0,0
BRDA:255,10,1,1
BRDA:289,11,0,1
BRDA:289,11,1,3
BRDA:307,12,0,1
BRDA:307,12,1,4
BRDA:313,13,0,4
BRDA:313,13,1,1
BRDA:335,14,0,0
BRDA:335,14,1,0
BRDA:335,14,2,0
BRDA:348,15,0,0
BRDA:348,15,1,1
BRDA:350,16,0,0
BRDA:350,16,1,0
BRDA:359,17,0,1
BRDA:359,17,1,0
BRF:38
BRH:25
end_of_record
