TN:
SF:deck.js
FN:24,make_card
FN:31,many_enques
FN:44,make_color
FN:67,make_wild_card
FN:83,random_num
FN:88,swap
FN:100,shuffle
FN:117,make_deck
FNF:8
FNH:8
FNDA:332,make_card
FNDA:276,many_enques
FNDA:22,make_color
FNDA:6,make_wild_card
FNDA:674,random_num
FNDA:672,swap
FNDA:7,shuffle
FNDA:5,make_deck
DA:2,1
DA:3,1
DA:4,1
DA:5,1
DA:6,1
DA:7,1
DA:8,1
DA:9,1
DA:10,1
DA:11,1
DA:25,332
DA:32,276
DA:33,576
DA:35,276
DA:45,22
DA:46,22
DA:47,22
DA:48,22
DA:49,198
DA:50,198
DA:52,22
DA:53,22
DA:54,22
DA:55,22
DA:56,22
DA:57,22
DA:58,22
DA:59,22
DA:68,6
DA:69,6
DA:70,6
DA:71,6
DA:72,6
DA:73,6
DA:74,6
DA:75,6
DA:85,674
DA:89,672
DA:90,672
DA:91,672
DA:101,7
DA:102,7
DA:103,7
DA:104,7
DA:105,672
DA:106,672
DA:108,7
DA:109,7
DA:118,5
DA:119,5
DA:120,5
DA:121,5
DA:122,5
DA:123,5
DA:124,5
DA:125,5
LF:56
LH:56
BRF:0
BRH:0
end_of_record
TN:
SF:game.js
FN:33,delete_card_from_hand
FN:54,add_card_to_hand
FN:75,dist_cards
FN:101,add_card_to_gp
FN:114,current_card
FN:135,draw_plus
FN:155,length_of_hand
FN:170,refill_deck_from_gp
FN:198,display_hand
FN:225,check_for_uno
FN:235,is_winning
FNF:11
FNH:10
FNDA:3,delete_card_from_hand
FNDA:39,add_card_to_hand
FNDA:3,dist_cards
FNDA:12,add_card_to_gp
FNDA:2,current_card
FNDA:2,draw_plus
FNDA:6,length_of_hand
FNDA:1,refill_deck_from_gp
FNDA:3,display_hand
FNDA:1,check_for_uno
FNDA:0,is_winning
DA:2,1
DA:3,1
DA:4,1
DA:5,1
DA:6,1
DA:7,1
DA:8,1
DA:9,1
DA:10,1
DA:11,1
DA:12,1
DA:13,1
DA:14,1
DA:15,1
DA:16,1
DA:17,1
DA:34,3
DA:35,3
DA:36,2
DA:37,2
DA:38,1
DA:41,2
DA:44,1
DA:55,39
DA:56,39
DA:57,33
DA:60,6
DA:76,3
DA:77,3
DA:78,3
DA:79,3
DA:80,3
DA:81,13
DA:82,13
DA:83,13
DA:85,3
DA:88,0
DA:102,12
DA:103,12
DA:115,2
DA:116,1
DA:119,1
DA:136,2
DA:137,2
DA:138,1
DA:140,1
DA:141,1
DA:144,0
DA:156,6
DA:157,6
DA:158,6
DA:159,6
DA:160,22
DA:162,6
DA:171,1
DA:172,1
DA:173,0
DA:176,1
DA:177,1
DA:178,1
DA:179,9
DA:180,9
DA:182,1
DA:183,1
DA:199,3
DA:200,3
DA:201,3
DA:202,3
DA:203,9
DA:204,9
DA:205,9
DA:206,13
DA:207,13
DA:210,3
DA:212,1
DA:213,1
DA:214,1
DA:215,1
DA:216,1
DA:217,1
DA:218,1
DA:226,1
DA:236,0
LF:83
LH:79
BRDA:35,0,0,2
BRDA:35,0,1,1
BRDA:35,1,0,3
BRDA:35,1,1,2
BRDA:37,2,0,1
BRDA:37,2,1,1
BRDA:56,3,0,33
BRDA:56,3,1,6
BRDA:79,4,0,3
BRDA:79,4,1,0
BRDA:115,5,0,1
BRDA:115,5,1,1
BRDA:137,6,0,1
BRDA:137,6,1,1
BRDA:140,7,0,1
BRDA:140,7,1,0
BRDA:172,8,0,0
BRDA:172,8,1,1
BRDA:226,9,0,1
BRDA:226,9,1,0
BRDA:236,10,0,0
BRDA:236,10,1,0
BRF:22
BRH:16
end_of_record
TN:
SF:lib/list.js
FN:34,pair
FN:42,head
FN:50,tail
FN:58,is_null
FN:68,list
FN:85,empty_list
FN:94,to_string
FN:95,print
FN:115,length
FN:116,$length
FN:130,map
FN:131,$map
FN:146,build_list
FN:147,$build_list
FN:162,for_each
FN:175,reverse
FN:176,$reverse
FN:192,append
FN:193,$append
FN:196,(anonymous_19)
FN:198,(anonymous_20)
FN:209,member
FN:224,remove
FN:225,$remove
FN:245,remove_all
FN:246,$remove_all
FN:267,filter
FN:268,$filter
FN:284,all
FN:294,enum_list
FN:295,$enum_list
FN:313,list_ref
FN:333,accumulate
FN:334,$accumulate
FN:337,(anonymous_34)
FN:339,(anonymous_35)
FN:354,fold_left
FN:365,flatten
FNF:38
FNH:7
FNDA:56,pair
FNDA:11,head
FNDA:50,tail
FNDA:88,is_null
FNDA:36,list
FNDA:0,empty_list
FNDA:0,to_string
FNDA:0,print
FNDA:33,length
FNDA:71,$length
FNDA:0,map
FNDA:0,$map
FNDA:0,build_list
FNDA:0,$build_list
FNDA:0,for_each
FNDA:0,reverse
FNDA:0,$reverse
FNDA:0,append
FNDA:0,$append
FNDA:0,(anonymous_19)
FNDA:0,(anonymous_20)
FNDA:0,member
FNDA:0,remove
FNDA:0,$remove
FNDA:0,remove_all
FNDA:0,$remove_all
FNDA:0,filter
FNDA:0,$filter
FNDA:0,all
FNDA:0,enum_list
FNDA:0,$enum_list
FNDA:0,list_ref
FNDA:0,accumulate
FNDA:0,$accumulate
FNDA:0,(anonymous_34)
FNDA:0,(anonymous_35)
FNDA:0,fold_left
FNDA:0,flatten
DA:3,1
DA:4,1
DA:5,1
DA:6,1
DA:7,1
DA:8,1
DA:9,1
DA:10,1
DA:11,1
DA:12,1
DA:13,1
DA:14,1
DA:15,1
DA:16,1
DA:17,1
DA:18,1
DA:19,1
DA:20,1
DA:21,1
DA:22,1
DA:23,1
DA:24,1
DA:25,1
DA:35,56
DA:43,11
DA:51,50
DA:59,88
DA:69,36
DA:70,36
DA:71,37
DA:73,36
DA:74,36
DA:75,37
DA:77,36
DA:86,0
DA:96,0
DA:97,0
DA:101,0
DA:102,0
DA:105,0
DA:117,71
DA:119,33
DA:132,0
DA:136,0
DA:148,0
DA:152,0
DA:163,0
DA:164,0
DA:165,0
DA:177,0
DA:181,0
DA:194,0
DA:196,0
DA:198,0
DA:210,0
DA:227,0
DA:228,0
DA:229,0
DA:235,0
DA:248,0
DA:249,0
DA:250,0
DA:256,0
DA:269,0
DA:275,0
DA:285,0
DA:297,0
DA:298,0
DA:302,0
DA:314,0
DA:335,0
DA:337,0
DA:339,0
DA:355,0
DA:366,0
LF:75
LH:36
BRDA:97,0,0,0
BRDA:97,0,1,0
BRDA:101,1,0,0
BRDA:101,1,1,0
BRDA:117,2,0,33
BRDA:117,2,1,38
BRDA:132,3,0,0
BRDA:132,3,1,0
BRDA:148,4,0,0
BRDA:148,4,1,0
BRDA:177,5,0,0
BRDA:177,5,1,0
BRDA:194,6,0,0
BRDA:194,6,1,0
BRDA:210,7,0,0
BRDA:210,7,1,0
BRDA:212,8,0,0
BRDA:212,8,1,0
BRDA:229,9,0,0
BRDA:229,9,1,0
BRDA:231,10,0,0
BRDA:231,10,1,0
BRDA:250,11,0,0
BRDA:250,11,1,0
BRDA:252,12,0,0
BRDA:252,12,1,0
BRDA:269,13,0,0
BRDA:269,13,1,0
BRDA:271,14,0,0
BRDA:271,14,1,0
BRDA:285,15,0,0
BRDA:285,15,1,0
BRDA:285,16,0,0
BRDA:285,16,1,0
BRDA:298,17,0,0
BRDA:298,17,1,0
BRDA:314,18,0,0
BRDA:314,18,1,0
BRDA:316,19,0,0
BRDA:316,19,1,0
BRDA:335,20,0,0
BRDA:335,20,1,0
BRDA:355,21,0,0
BRDA:355,21,1,0
BRF:44
BRH:2
end_of_record
TN:
SF:lib/queue_array.js
FN:14,empty
FN:23,is_empty
FN:33,enqueue
FN:45,head
FN:56,dequeue
FN:65,display_queue
FNF:6
FNH:4
FNDA:8,empty
FNDA:0,is_empty
FNDA:607,enqueue
FNDA:23,head
FNDA:23,dequeue
FNDA:0,display_queue
DA:2,1
DA:3,1
DA:4,1
DA:5,1
DA:6,1
DA:7,1
DA:8,1
DA:15,8
DA:24,0
DA:34,607
DA:35,607
DA:36,607
DA:46,23
DA:47,23
DA:57,23
DA:58,23
DA:66,0
LF:17
LH:15
BRF:0
BRH:0
end_of_record
TN:
SF:lib/stack.js
FN:15,empty
FN:24,is_empty
FN:34,push
FN:43,top
FN:53,pop
FN:61,display_stack
FN:62,print
FNF:7
FNH:5
FNDA:4,empty
FNDA:13,is_empty
FNDA:13,push
FNDA:11,top
FNDA:10,pop
FNDA:0,display_stack
FNDA:0,print
DA:2,1
DA:3,1
DA:4,1
DA:5,1
DA:6,1
DA:7,1
DA:8,1
DA:9,1
DA:16,4
DA:25,13
DA:35,13
DA:44,11
DA:54,10
DA:63,0
DA:64,0
DA:68,0
DA:69,0
DA:72,0
LF:18
LH:13
BRDA:64,0,0,0
BRDA:64,0,1,0
BRDA:68,1,0,0
BRDA:68,1,1,0
BRF:4
BRH:0
end_of_record
